<?xml version="1.0" encoding="UTF-8"?>
<testsuite name="com.virtuslab.internship.web.services.ProductServiceTest" tests="1" skipped="0" failures="0" errors="0" timestamp="2022-03-28T12:08:35" hostname="LAPTOP-TVV3KJH9" time="0.618">
  <properties/>
  <testcase name="testFindByName()" classname="com.virtuslab.internship.web.services.ProductServiceTest" time="0.618"/>
  <system-out><![CDATA[]]></system-out>
  <system-err><![CDATA[]]></system-err>
</testsuite>
