<?xml version="1.0" encoding="UTF-8"?>
<testsuite name="com.virtuslab.internship.basket.BasketDbTest" tests="3" skipped="0" failures="0" errors="0" timestamp="2022-03-28T16:18:03" hostname="LAPTOP-TVV3KJH9" time="0.02">
  <properties/>
  <testcase name="findById()" classname="com.virtuslab.internship.basket.BasketDbTest" time="0.017"/>
  <testcase name="save()" classname="com.virtuslab.internship.basket.BasketDbTest" time="0.001"/>
  <testcase name="removeById()" classname="com.virtuslab.internship.basket.BasketDbTest" time="0.001"/>
  <system-out><![CDATA[]]></system-out>
  <system-err><![CDATA[]]></system-err>
</testsuite>
