<?xml version="1.0" encoding="UTF-8"?>
<testsuite name="com.virtuslab.internship.web.controllers.BasketControllerTest" tests="5" skipped="0" failures="0" errors="0" timestamp="2022-03-28T14:14:52" hostname="LAPTOP-TVV3KJH9" time="1.588">
  <properties/>
  <testcase name="deleteBasket()" classname="com.virtuslab.internship.web.controllers.BasketControllerTest" time="1.407"/>
  <testcase name="deleteItemFromBasket()" classname="com.virtuslab.internship.web.controllers.BasketControllerTest" time="0.063"/>
  <testcase name="testAddProductToBasket()" classname="com.virtuslab.internship.web.controllers.BasketControllerTest" time="0.079"/>
  <testcase name="testGetBasket()" classname="com.virtuslab.internship.web.controllers.BasketControllerTest" time="0.022"/>
  <testcase name="testCreateBasket()" classname="com.virtuslab.internship.web.controllers.BasketControllerTest" time="0.015"/>
  <system-out><![CDATA[16:14:53.533 [Test worker] DEBUG _org.springframework.web.servlet.HandlerMapping.Mappings - 
	c.v.i.w.c.BasketController:
	{DELETE [/basket/{id}]}: deleteBasket(Long)
	{DELETE [/basket/{id}/{productName}]}: deleteItemFromBasket(Long,String)
	{GET [/basket/{id}]}: getBasket(Long)
	{POST [/basket/{id}/add]}: addProductToBasket(Long,Product)
	{POST [/basket/create]}: createBasket()
16:14:53.548 [Test worker] DEBUG org.springframework.web.servlet.mvc.method.annotation.RequestMappingHandlerMapping - 5 mappings in org.springframework.web.servlet.mvc.method.annotation.RequestMappingHandlerMapping
16:14:53.721 [Test worker] DEBUG org.springframework.web.servlet.mvc.method.annotation.RequestMappingHandlerAdapter - ControllerAdvice beans: 0 @ModelAttribute, 0 @InitBinder, 1 RequestBodyAdvice, 1 ResponseBodyAdvice
16:14:53.761 [Test worker] DEBUG org.springframework.web.servlet.mvc.method.annotation.ExceptionHandlerExceptionResolver - ControllerAdvice beans: 1 @ExceptionHandler, 1 ResponseBodyAdvice
16:14:53.784 [Test worker] INFO org.springframework.mock.web.MockServletContext - Initializing Spring TestDispatcherServlet ''
16:14:53.784 [Test worker] INFO org.springframework.test.web.servlet.TestDispatcherServlet - Initializing Servlet ''
16:14:53.784 [Test worker] DEBUG org.springframework.test.web.servlet.TestDispatcherServlet - Detected AcceptHeaderLocaleResolver
16:14:53.784 [Test worker] DEBUG org.springframework.test.web.servlet.TestDispatcherServlet - Detected FixedThemeResolver
16:14:53.784 [Test worker] DEBUG org.springframework.test.web.servlet.TestDispatcherServlet - Detected org.springframework.web.servlet.view.DefaultRequestToViewNameTranslator@75d4a80f
16:14:53.784 [Test worker] DEBUG org.springframework.test.web.servlet.TestDispatcherServlet - Detected org.springframework.web.servlet.support.SessionFlashMapManager@4596f8f3
16:14:53.784 [Test worker] DEBUG org.springframework.test.web.servlet.TestDispatcherServlet - enableLoggingRequestDetails='false': request parameters and headers will be masked to prevent unsafe logging of potentially sensitive data
16:14:53.784 [Test worker] INFO org.springframework.test.web.servlet.TestDispatcherServlet - Completed initialization in 0 ms
16:14:53.815 [Test worker] DEBUG org.springframework.test.web.servlet.TestDispatcherServlet - DELETE "/basket/1", parameters={}
16:14:53.815 [Test worker] DEBUG org.springframework.web.servlet.mvc.method.annotation.RequestMappingHandlerMapping - Mapped to com.virtuslab.internship.web.controllers.BasketController#deleteBasket(Long)
16:14:53.863 [Test worker] DEBUG org.springframework.web.servlet.mvc.method.annotation.HttpEntityMethodProcessor - Using 'text/plain', given [*/*] and supported [text/plain, */*, application/json, application/*+json]
16:14:53.863 [Test worker] DEBUG org.springframework.web.servlet.mvc.method.annotation.HttpEntityMethodProcessor - Writing ["Deleted basket ID:1"]
16:14:53.863 [Test worker] DEBUG org.springframework.test.web.servlet.TestDispatcherServlet - Completed 200 OK
16:14:53.878 [Test worker] DEBUG _org.springframework.web.servlet.HandlerMapping.Mappings - 
	c.v.i.w.c.BasketController:
	{DELETE [/basket/{id}]}: deleteBasket(Long)
	{DELETE [/basket/{id}/{productName}]}: deleteItemFromBasket(Long,String)
	{GET [/basket/{id}]}: getBasket(Long)
	{POST [/basket/{id}/add]}: addProductToBasket(Long,Product)
	{POST [/basket/create]}: createBasket()
16:14:53.878 [Test worker] DEBUG org.springframework.web.servlet.mvc.method.annotation.RequestMappingHandlerMapping - 5 mappings in org.springframework.web.servlet.mvc.method.annotation.RequestMappingHandlerMapping
16:14:53.878 [Test worker] DEBUG org.springframework.web.servlet.mvc.method.annotation.RequestMappingHandlerAdapter - ControllerAdvice beans: 0 @ModelAttribute, 0 @InitBinder, 1 RequestBodyAdvice, 1 ResponseBodyAdvice
16:14:53.894 [Test worker] DEBUG org.springframework.web.servlet.mvc.method.annotation.ExceptionHandlerExceptionResolver - ControllerAdvice beans: 1 @ExceptionHandler, 1 ResponseBodyAdvice
16:14:53.894 [Test worker] INFO org.springframework.mock.web.MockServletContext - Initializing Spring TestDispatcherServlet ''
16:14:53.894 [Test worker] INFO org.springframework.test.web.servlet.TestDispatcherServlet - Initializing Servlet ''
16:14:53.894 [Test worker] DEBUG org.springframework.test.web.servlet.TestDispatcherServlet - Detected AcceptHeaderLocaleResolver
16:14:53.894 [Test worker] DEBUG org.springframework.test.web.servlet.TestDispatcherServlet - Detected FixedThemeResolver
16:14:53.894 [Test worker] DEBUG org.springframework.test.web.servlet.TestDispatcherServlet - Detected org.springframework.web.servlet.view.DefaultRequestToViewNameTranslator@e146f93
16:14:53.894 [Test worker] DEBUG org.springframework.test.web.servlet.TestDispatcherServlet - Detected org.springframework.web.servlet.support.SessionFlashMapManager@4bd5849e
16:14:53.894 [Test worker] DEBUG org.springframework.test.web.servlet.TestDispatcherServlet - enableLoggingRequestDetails='false': request parameters and headers will be masked to prevent unsafe logging of potentially sensitive data
16:14:53.894 [Test worker] INFO org.springframework.test.web.servlet.TestDispatcherServlet - Completed initialization in 0 ms
16:14:53.894 [Test worker] DEBUG org.springframework.test.web.servlet.TestDispatcherServlet - DELETE "/basket/1/test", parameters={}
16:14:53.894 [Test worker] DEBUG org.springframework.web.servlet.mvc.method.annotation.RequestMappingHandlerMapping - Mapped to com.virtuslab.internship.web.controllers.BasketController#deleteItemFromBasket(Long, String)
16:14:53.925 [Test worker] DEBUG org.springframework.web.servlet.mvc.method.annotation.HttpEntityMethodProcessor - Using 'application/json', given [*/*] and supported [application/json, application/*+json]
16:14:53.925 [Test worker] DEBUG org.springframework.web.servlet.mvc.method.annotation.HttpEntityMethodProcessor - Writing [com.virtuslab.internship.basket.Basket@7a4d582c]
16:14:53.941 [Test worker] DEBUG org.springframework.test.web.servlet.TestDispatcherServlet - Completed 200 OK
16:14:53.941 [Test worker] DEBUG _org.springframework.web.servlet.HandlerMapping.Mappings - 
	c.v.i.w.c.BasketController:
	{DELETE [/basket/{id}]}: deleteBasket(Long)
	{DELETE [/basket/{id}/{productName}]}: deleteItemFromBasket(Long,String)
	{GET [/basket/{id}]}: getBasket(Long)
	{POST [/basket/{id}/add]}: addProductToBasket(Long,Product)
	{POST [/basket/create]}: createBasket()
16:14:53.941 [Test worker] DEBUG org.springframework.web.servlet.mvc.method.annotation.RequestMappingHandlerMapping - 5 mappings in org.springframework.web.servlet.mvc.method.annotation.RequestMappingHandlerMapping
16:14:53.941 [Test worker] DEBUG org.springframework.web.servlet.mvc.method.annotation.RequestMappingHandlerAdapter - ControllerAdvice beans: 0 @ModelAttribute, 0 @InitBinder, 1 RequestBodyAdvice, 1 ResponseBodyAdvice
16:14:53.956 [Test worker] DEBUG org.springframework.web.servlet.mvc.method.annotation.ExceptionHandlerExceptionResolver - ControllerAdvice beans: 1 @ExceptionHandler, 1 ResponseBodyAdvice
16:14:53.956 [Test worker] INFO org.springframework.mock.web.MockServletContext - Initializing Spring TestDispatcherServlet ''
16:14:53.956 [Test worker] INFO org.springframework.test.web.servlet.TestDispatcherServlet - Initializing Servlet ''
16:14:53.956 [Test worker] DEBUG org.springframework.test.web.servlet.TestDispatcherServlet - Detected AcceptHeaderLocaleResolver
16:14:53.956 [Test worker] DEBUG org.springframework.test.web.servlet.TestDispatcherServlet - Detected FixedThemeResolver
16:14:53.956 [Test worker] DEBUG org.springframework.test.web.servlet.TestDispatcherServlet - Detected org.springframework.web.servlet.view.DefaultRequestToViewNameTranslator@76a14c8d
16:14:53.956 [Test worker] DEBUG org.springframework.test.web.servlet.TestDispatcherServlet - Detected org.springframework.web.servlet.support.SessionFlashMapManager@17410c07
16:14:53.956 [Test worker] DEBUG org.springframework.test.web.servlet.TestDispatcherServlet - enableLoggingRequestDetails='false': request parameters and headers will be masked to prevent unsafe logging of potentially sensitive data
16:14:53.956 [Test worker] INFO org.springframework.test.web.servlet.TestDispatcherServlet - Completed initialization in 0 ms
16:14:53.962 [Test worker] DEBUG org.springframework.test.web.servlet.TestDispatcherServlet - POST "/basket/1/add", parameters={}
16:14:53.962 [Test worker] DEBUG org.springframework.web.servlet.mvc.method.annotation.RequestMappingHandlerMapping - Mapped to com.virtuslab.internship.web.controllers.BasketController#addProductToBasket(Long, Product)
16:14:54.004 [Test worker] DEBUG org.springframework.web.servlet.mvc.method.annotation.RequestResponseBodyMethodProcessor - Read "application/json" to [Product[name=test, type=DAIRY, price=3]]
16:14:54.004 [Test worker] DEBUG org.springframework.web.servlet.mvc.method.annotation.HttpEntityMethodProcessor - Using 'application/json', given [*/*] and supported [application/json, application/*+json]
16:14:54.004 [Test worker] DEBUG org.springframework.web.servlet.mvc.method.annotation.HttpEntityMethodProcessor - Writing [com.virtuslab.internship.basket.Basket@1756f7cc]
16:14:54.019 [Test worker] DEBUG org.springframework.test.web.servlet.TestDispatcherServlet - Completed 200 OK
16:14:54.019 [Test worker] DEBUG _org.springframework.web.servlet.HandlerMapping.Mappings - 
	c.v.i.w.c.BasketController:
	{DELETE [/basket/{id}]}: deleteBasket(Long)
	{DELETE [/basket/{id}/{productName}]}: deleteItemFromBasket(Long,String)
	{GET [/basket/{id}]}: getBasket(Long)
	{POST [/basket/{id}/add]}: addProductToBasket(Long,Product)
	{POST [/basket/create]}: createBasket()
16:14:54.019 [Test worker] DEBUG org.springframework.web.servlet.mvc.method.annotation.RequestMappingHandlerMapping - 5 mappings in org.springframework.web.servlet.mvc.method.annotation.RequestMappingHandlerMapping
16:14:54.019 [Test worker] DEBUG org.springframework.web.servlet.mvc.method.annotation.RequestMappingHandlerAdapter - ControllerAdvice beans: 0 @ModelAttribute, 0 @InitBinder, 1 RequestBodyAdvice, 1 ResponseBodyAdvice
16:14:54.035 [Test worker] DEBUG org.springframework.web.servlet.mvc.method.annotation.ExceptionHandlerExceptionResolver - ControllerAdvice beans: 1 @ExceptionHandler, 1 ResponseBodyAdvice
16:14:54.035 [Test worker] INFO org.springframework.mock.web.MockServletContext - Initializing Spring TestDispatcherServlet ''
16:14:54.035 [Test worker] INFO org.springframework.test.web.servlet.TestDispatcherServlet - Initializing Servlet ''
16:14:54.035 [Test worker] DEBUG org.springframework.test.web.servlet.TestDispatcherServlet - Detected AcceptHeaderLocaleResolver
16:14:54.035 [Test worker] DEBUG org.springframework.test.web.servlet.TestDispatcherServlet - Detected FixedThemeResolver
16:14:54.035 [Test worker] DEBUG org.springframework.test.web.servlet.TestDispatcherServlet - Detected org.springframework.web.servlet.view.DefaultRequestToViewNameTranslator@5c7dfc05
16:14:54.035 [Test worker] DEBUG org.springframework.test.web.servlet.TestDispatcherServlet - Detected org.springframework.web.servlet.support.SessionFlashMapManager@345d053b
16:14:54.035 [Test worker] DEBUG org.springframework.test.web.servlet.TestDispatcherServlet - enableLoggingRequestDetails='false': request parameters and headers will be masked to prevent unsafe logging of potentially sensitive data
16:14:54.035 [Test worker] INFO org.springframework.test.web.servlet.TestDispatcherServlet - Completed initialization in 0 ms
16:14:54.035 [Test worker] DEBUG org.springframework.test.web.servlet.TestDispatcherServlet - GET "/basket/1", parameters={}
16:14:54.035 [Test worker] DEBUG org.springframework.web.servlet.mvc.method.annotation.RequestMappingHandlerMapping - Mapped to com.virtuslab.internship.web.controllers.BasketController#getBasket(Long)
16:14:54.035 [Test worker] DEBUG org.springframework.web.servlet.mvc.method.annotation.HttpEntityMethodProcessor - Using 'application/json', given [*/*] and supported [application/json, application/*+json]
16:14:54.035 [Test worker] DEBUG org.springframework.web.servlet.mvc.method.annotation.HttpEntityMethodProcessor - Writing [com.virtuslab.internship.basket.Basket@518ddd3b]
16:14:54.035 [Test worker] DEBUG org.springframework.test.web.servlet.TestDispatcherServlet - Completed 200 OK
16:14:54.051 [Test worker] DEBUG _org.springframework.web.servlet.HandlerMapping.Mappings - 
	c.v.i.w.c.BasketController:
	{DELETE [/basket/{id}]}: deleteBasket(Long)
	{DELETE [/basket/{id}/{productName}]}: deleteItemFromBasket(Long,String)
	{GET [/basket/{id}]}: getBasket(Long)
	{POST [/basket/{id}/add]}: addProductToBasket(Long,Product)
	{POST [/basket/create]}: createBasket()
16:14:54.051 [Test worker] DEBUG org.springframework.web.servlet.mvc.method.annotation.RequestMappingHandlerMapping - 5 mappings in org.springframework.web.servlet.mvc.method.annotation.RequestMappingHandlerMapping
16:14:54.051 [Test worker] DEBUG org.springframework.web.servlet.mvc.method.annotation.RequestMappingHandlerAdapter - ControllerAdvice beans: 0 @ModelAttribute, 0 @InitBinder, 1 RequestBodyAdvice, 1 ResponseBodyAdvice
16:14:54.051 [Test worker] DEBUG org.springframework.web.servlet.mvc.method.annotation.ExceptionHandlerExceptionResolver - ControllerAdvice beans: 1 @ExceptionHandler, 1 ResponseBodyAdvice
16:14:54.051 [Test worker] INFO org.springframework.mock.web.MockServletContext - Initializing Spring TestDispatcherServlet ''
16:14:54.051 [Test worker] INFO org.springframework.test.web.servlet.TestDispatcherServlet - Initializing Servlet ''
16:14:54.051 [Test worker] DEBUG org.springframework.test.web.servlet.TestDispatcherServlet - Detected AcceptHeaderLocaleResolver
16:14:54.051 [Test worker] DEBUG org.springframework.test.web.servlet.TestDispatcherServlet - Detected FixedThemeResolver
16:14:54.051 [Test worker] DEBUG org.springframework.test.web.servlet.TestDispatcherServlet - Detected org.springframework.web.servlet.view.DefaultRequestToViewNameTranslator@38cedb7d
16:14:54.051 [Test worker] DEBUG org.springframework.test.web.servlet.TestDispatcherServlet - Detected org.springframework.web.servlet.support.SessionFlashMapManager@772caabe
16:14:54.051 [Test worker] DEBUG org.springframework.test.web.servlet.TestDispatcherServlet - enableLoggingRequestDetails='false': request parameters and headers will be masked to prevent unsafe logging of potentially sensitive data
16:14:54.051 [Test worker] INFO org.springframework.test.web.servlet.TestDispatcherServlet - Completed initialization in 0 ms
16:14:54.051 [Test worker] DEBUG org.springframework.test.web.servlet.TestDispatcherServlet - POST "/basket/create", parameters={}
16:14:54.051 [Test worker] DEBUG org.springframework.web.servlet.mvc.method.annotation.RequestMappingHandlerMapping - Mapped to com.virtuslab.internship.web.controllers.BasketController#createBasket()
16:14:54.051 [Test worker] DEBUG org.springframework.web.servlet.mvc.method.annotation.HttpEntityMethodProcessor - Using 'application/json', given [*/*] and supported [application/json, application/*+json]
16:14:54.051 [Test worker] DEBUG org.springframework.web.servlet.mvc.method.annotation.HttpEntityMethodProcessor - Writing [com.virtuslab.internship.basket.Basket@7102ac3e]
16:14:54.051 [Test worker] DEBUG org.springframework.test.web.servlet.TestDispatcherServlet - Completed 201 CREATED
]]></system-out>
  <system-err><![CDATA[]]></system-err>
</testsuite>
