<?xml version="1.0" encoding="UTF-8"?>
<testsuite name="com.virtuslab.internship.discount.FifteenPercentDiscountTest" tests="2" skipped="0" failures="0" errors="0" timestamp="2022-03-28T15:55:43" hostname="LAPTOP-TVV3KJH9" time="0.033">
  <properties/>
  <testcase name="shouldNotApply15PercentDiscountWhenCartHasLessThan3GrainProducts()" classname="com.virtuslab.internship.discount.FifteenPercentDiscountTest" time="0.031"/>
  <testcase name="shouldApply15PercentDiscountWhenCartHasAtLeast3GrainProducts()" classname="com.virtuslab.internship.discount.FifteenPercentDiscountTest" time="0.001"/>
  <system-out><![CDATA[]]></system-out>
  <system-err><![CDATA[]]></system-err>
</testsuite>
