<?xml version="1.0" encoding="UTF-8"?>
<testsuite name="com.virtuslab.internship.web.controllers.BasketControllerTest" tests="5" skipped="0" failures="0" errors="0" timestamp="2022-03-28T10:35:11" hostname="LAPTOP-TVV3KJH9" time="1.447">
  <properties/>
  <testcase name="deleteBasket()" classname="com.virtuslab.internship.web.controllers.BasketControllerTest" time="1.221"/>
  <testcase name="deleteItemFromBasket()" classname="com.virtuslab.internship.web.controllers.BasketControllerTest" time="0.066"/>
  <testcase name="testAddProductToBasket()" classname="com.virtuslab.internship.web.controllers.BasketControllerTest" time="0.111"/>
  <testcase name="testGetBasket()" classname="com.virtuslab.internship.web.controllers.BasketControllerTest" time="0.026"/>
  <testcase name="testCreateBasket()" classname="com.virtuslab.internship.web.controllers.BasketControllerTest" time="0.022"/>
  <system-out><![CDATA[12:35:12.589 [Test worker] DEBUG _org.springframework.web.servlet.HandlerMapping.Mappings - 
	c.v.i.w.c.BasketController:
	{DELETE [/basket/{id}]}: deleteBasket(Long)
	{DELETE [/basket/{id}/{productName}]}: deleteItemFromBasket(Long,String)
	{GET [/basket/{id}]}: getBasket(Long)
	{POST [/basket/create]}: createBasket()
	{POST [/basket/{id}/add]}: addProductToBasket(Long,Product)
12:35:12.604 [Test worker] DEBUG org.springframework.web.servlet.mvc.method.annotation.RequestMappingHandlerMapping - 5 mappings in org.springframework.web.servlet.mvc.method.annotation.RequestMappingHandlerMapping
12:35:12.713 [Test worker] DEBUG org.springframework.web.servlet.mvc.method.annotation.RequestMappingHandlerAdapter - ControllerAdvice beans: 0 @ModelAttribute, 0 @InitBinder, 1 RequestBodyAdvice, 1 ResponseBodyAdvice
12:35:12.750 [Test worker] DEBUG org.springframework.web.servlet.mvc.method.annotation.ExceptionHandlerExceptionResolver - ControllerAdvice beans: 1 @ExceptionHandler, 1 ResponseBodyAdvice
12:35:12.776 [Test worker] INFO org.springframework.mock.web.MockServletContext - Initializing Spring TestDispatcherServlet ''
12:35:12.776 [Test worker] INFO org.springframework.test.web.servlet.TestDispatcherServlet - Initializing Servlet ''
12:35:12.779 [Test worker] DEBUG org.springframework.test.web.servlet.TestDispatcherServlet - Detected AcceptHeaderLocaleResolver
12:35:12.779 [Test worker] DEBUG org.springframework.test.web.servlet.TestDispatcherServlet - Detected FixedThemeResolver
12:35:12.780 [Test worker] DEBUG org.springframework.test.web.servlet.TestDispatcherServlet - Detected org.springframework.web.servlet.view.DefaultRequestToViewNameTranslator@2b680207
12:35:12.780 [Test worker] DEBUG org.springframework.test.web.servlet.TestDispatcherServlet - Detected org.springframework.web.servlet.support.SessionFlashMapManager@70887727
12:35:12.780 [Test worker] DEBUG org.springframework.test.web.servlet.TestDispatcherServlet - enableLoggingRequestDetails='false': request parameters and headers will be masked to prevent unsafe logging of potentially sensitive data
12:35:12.780 [Test worker] INFO org.springframework.test.web.servlet.TestDispatcherServlet - Completed initialization in 4 ms
12:35:12.835 [Test worker] DEBUG org.springframework.test.web.servlet.TestDispatcherServlet - DELETE "/basket/1", parameters={}
12:35:12.839 [Test worker] DEBUG org.springframework.web.servlet.mvc.method.annotation.RequestMappingHandlerMapping - Mapped to com.virtuslab.internship.web.controllers.BasketController#deleteBasket(Long)
12:35:12.884 [Test worker] DEBUG org.springframework.web.servlet.mvc.method.annotation.HttpEntityMethodProcessor - Using 'text/plain', given [*/*] and supported [text/plain, */*, application/json, application/*+json]
12:35:12.884 [Test worker] DEBUG org.springframework.web.servlet.mvc.method.annotation.HttpEntityMethodProcessor - Writing ["Deleted basket ID:1"]
12:35:12.888 [Test worker] DEBUG org.springframework.test.web.servlet.TestDispatcherServlet - Completed 200 OK
12:35:12.917 [Test worker] DEBUG _org.springframework.web.servlet.HandlerMapping.Mappings - 
	c.v.i.w.c.BasketController:
	{DELETE [/basket/{id}]}: deleteBasket(Long)
	{DELETE [/basket/{id}/{productName}]}: deleteItemFromBasket(Long,String)
	{GET [/basket/{id}]}: getBasket(Long)
	{POST [/basket/create]}: createBasket()
	{POST [/basket/{id}/add]}: addProductToBasket(Long,Product)
12:35:12.919 [Test worker] DEBUG org.springframework.web.servlet.mvc.method.annotation.RequestMappingHandlerMapping - 5 mappings in org.springframework.web.servlet.mvc.method.annotation.RequestMappingHandlerMapping
12:35:12.923 [Test worker] DEBUG org.springframework.web.servlet.mvc.method.annotation.RequestMappingHandlerAdapter - ControllerAdvice beans: 0 @ModelAttribute, 0 @InitBinder, 1 RequestBodyAdvice, 1 ResponseBodyAdvice
12:35:12.925 [Test worker] DEBUG org.springframework.web.servlet.mvc.method.annotation.ExceptionHandlerExceptionResolver - ControllerAdvice beans: 1 @ExceptionHandler, 1 ResponseBodyAdvice
12:35:12.926 [Test worker] INFO org.springframework.mock.web.MockServletContext - Initializing Spring TestDispatcherServlet ''
12:35:12.926 [Test worker] INFO org.springframework.test.web.servlet.TestDispatcherServlet - Initializing Servlet ''
12:35:12.926 [Test worker] DEBUG org.springframework.test.web.servlet.TestDispatcherServlet - Detected AcceptHeaderLocaleResolver
12:35:12.926 [Test worker] DEBUG org.springframework.test.web.servlet.TestDispatcherServlet - Detected FixedThemeResolver
12:35:12.926 [Test worker] DEBUG org.springframework.test.web.servlet.TestDispatcherServlet - Detected org.springframework.web.servlet.view.DefaultRequestToViewNameTranslator@34aeacd1
12:35:12.927 [Test worker] DEBUG org.springframework.test.web.servlet.TestDispatcherServlet - Detected org.springframework.web.servlet.support.SessionFlashMapManager@54067fdc
12:35:12.927 [Test worker] DEBUG org.springframework.test.web.servlet.TestDispatcherServlet - enableLoggingRequestDetails='false': request parameters and headers will be masked to prevent unsafe logging of potentially sensitive data
12:35:12.927 [Test worker] INFO org.springframework.test.web.servlet.TestDispatcherServlet - Completed initialization in 1 ms
12:35:12.933 [Test worker] DEBUG org.springframework.test.web.servlet.TestDispatcherServlet - DELETE "/basket/1/test", parameters={}
12:35:12.933 [Test worker] DEBUG org.springframework.web.servlet.mvc.method.annotation.RequestMappingHandlerMapping - Mapped to com.virtuslab.internship.web.controllers.BasketController#deleteItemFromBasket(Long, String)
12:35:12.964 [Test worker] DEBUG org.springframework.web.servlet.mvc.method.annotation.HttpEntityMethodProcessor - Using 'application/json', given [*/*] and supported [application/json, application/*+json]
12:35:12.964 [Test worker] DEBUG org.springframework.web.servlet.mvc.method.annotation.HttpEntityMethodProcessor - Writing [com.virtuslab.internship.basket.Basket@1391af3b]
12:35:12.977 [Test worker] DEBUG org.springframework.test.web.servlet.TestDispatcherServlet - Completed 200 OK
12:35:12.982 [Test worker] DEBUG _org.springframework.web.servlet.HandlerMapping.Mappings - 
	c.v.i.w.c.BasketController:
	{DELETE [/basket/{id}]}: deleteBasket(Long)
	{DELETE [/basket/{id}/{productName}]}: deleteItemFromBasket(Long,String)
	{GET [/basket/{id}]}: getBasket(Long)
	{POST [/basket/create]}: createBasket()
	{POST [/basket/{id}/add]}: addProductToBasket(Long,Product)
12:35:12.984 [Test worker] DEBUG org.springframework.web.servlet.mvc.method.annotation.RequestMappingHandlerMapping - 5 mappings in org.springframework.web.servlet.mvc.method.annotation.RequestMappingHandlerMapping
12:35:12.988 [Test worker] DEBUG org.springframework.web.servlet.mvc.method.annotation.RequestMappingHandlerAdapter - ControllerAdvice beans: 0 @ModelAttribute, 0 @InitBinder, 1 RequestBodyAdvice, 1 ResponseBodyAdvice
12:35:12.991 [Test worker] DEBUG org.springframework.web.servlet.mvc.method.annotation.ExceptionHandlerExceptionResolver - ControllerAdvice beans: 1 @ExceptionHandler, 1 ResponseBodyAdvice
12:35:12.991 [Test worker] INFO org.springframework.mock.web.MockServletContext - Initializing Spring TestDispatcherServlet ''
12:35:12.991 [Test worker] INFO org.springframework.test.web.servlet.TestDispatcherServlet - Initializing Servlet ''
12:35:12.991 [Test worker] DEBUG org.springframework.test.web.servlet.TestDispatcherServlet - Detected AcceptHeaderLocaleResolver
12:35:12.991 [Test worker] DEBUG org.springframework.test.web.servlet.TestDispatcherServlet - Detected FixedThemeResolver
12:35:12.992 [Test worker] DEBUG org.springframework.test.web.servlet.TestDispatcherServlet - Detected org.springframework.web.servlet.view.DefaultRequestToViewNameTranslator@7be1ce6a
12:35:12.992 [Test worker] DEBUG org.springframework.test.web.servlet.TestDispatcherServlet - Detected org.springframework.web.servlet.support.SessionFlashMapManager@3119cf6f
12:35:12.992 [Test worker] DEBUG org.springframework.test.web.servlet.TestDispatcherServlet - enableLoggingRequestDetails='false': request parameters and headers will be masked to prevent unsafe logging of potentially sensitive data
12:35:12.992 [Test worker] INFO org.springframework.test.web.servlet.TestDispatcherServlet - Completed initialization in 1 ms
12:35:13.004 [Test worker] DEBUG org.springframework.test.web.servlet.TestDispatcherServlet - POST "/basket/1/add", parameters={}
12:35:13.004 [Test worker] DEBUG org.springframework.web.servlet.mvc.method.annotation.RequestMappingHandlerMapping - Mapped to com.virtuslab.internship.web.controllers.BasketController#addProductToBasket(Long, Product)
12:35:13.060 [Test worker] DEBUG org.springframework.web.servlet.mvc.method.annotation.RequestResponseBodyMethodProcessor - Read "application/json" to [Product[name=test, type=DAIRY, price=3]]
12:35:13.070 [Test worker] DEBUG org.springframework.web.servlet.mvc.method.annotation.HttpEntityMethodProcessor - Using 'application/json', given [*/*] and supported [application/json, application/*+json]
12:35:13.070 [Test worker] DEBUG org.springframework.web.servlet.mvc.method.annotation.HttpEntityMethodProcessor - Writing [com.virtuslab.internship.basket.Basket@2740e316]
12:35:13.073 [Test worker] DEBUG org.springframework.test.web.servlet.TestDispatcherServlet - Completed 200 OK
12:35:13.096 [Test worker] DEBUG _org.springframework.web.servlet.HandlerMapping.Mappings - 
	c.v.i.w.c.BasketController:
	{DELETE [/basket/{id}]}: deleteBasket(Long)
	{DELETE [/basket/{id}/{productName}]}: deleteItemFromBasket(Long,String)
	{GET [/basket/{id}]}: getBasket(Long)
	{POST [/basket/create]}: createBasket()
	{POST [/basket/{id}/add]}: addProductToBasket(Long,Product)
12:35:13.098 [Test worker] DEBUG org.springframework.web.servlet.mvc.method.annotation.RequestMappingHandlerMapping - 5 mappings in org.springframework.web.servlet.mvc.method.annotation.RequestMappingHandlerMapping
12:35:13.101 [Test worker] DEBUG org.springframework.web.servlet.mvc.method.annotation.RequestMappingHandlerAdapter - ControllerAdvice beans: 0 @ModelAttribute, 0 @InitBinder, 1 RequestBodyAdvice, 1 ResponseBodyAdvice
12:35:13.104 [Test worker] DEBUG org.springframework.web.servlet.mvc.method.annotation.ExceptionHandlerExceptionResolver - ControllerAdvice beans: 1 @ExceptionHandler, 1 ResponseBodyAdvice
12:35:13.104 [Test worker] INFO org.springframework.mock.web.MockServletContext - Initializing Spring TestDispatcherServlet ''
12:35:13.104 [Test worker] INFO org.springframework.test.web.servlet.TestDispatcherServlet - Initializing Servlet ''
12:35:13.104 [Test worker] DEBUG org.springframework.test.web.servlet.TestDispatcherServlet - Detected AcceptHeaderLocaleResolver
12:35:13.104 [Test worker] DEBUG org.springframework.test.web.servlet.TestDispatcherServlet - Detected FixedThemeResolver
12:35:13.105 [Test worker] DEBUG org.springframework.test.web.servlet.TestDispatcherServlet - Detected org.springframework.web.servlet.view.DefaultRequestToViewNameTranslator@6587305a
12:35:13.105 [Test worker] DEBUG org.springframework.test.web.servlet.TestDispatcherServlet - Detected org.springframework.web.servlet.support.SessionFlashMapManager@abbe000
12:35:13.105 [Test worker] DEBUG org.springframework.test.web.servlet.TestDispatcherServlet - enableLoggingRequestDetails='false': request parameters and headers will be masked to prevent unsafe logging of potentially sensitive data
12:35:13.105 [Test worker] INFO org.springframework.test.web.servlet.TestDispatcherServlet - Completed initialization in 1 ms
12:35:13.106 [Test worker] DEBUG org.springframework.test.web.servlet.TestDispatcherServlet - GET "/basket/1", parameters={}
12:35:13.107 [Test worker] DEBUG org.springframework.web.servlet.mvc.method.annotation.RequestMappingHandlerMapping - Mapped to com.virtuslab.internship.web.controllers.BasketController#getBasket(Long)
12:35:13.109 [Test worker] DEBUG org.springframework.web.servlet.mvc.method.annotation.HttpEntityMethodProcessor - Using 'application/json', given [*/*] and supported [application/json, application/*+json]
12:35:13.109 [Test worker] DEBUG org.springframework.web.servlet.mvc.method.annotation.HttpEntityMethodProcessor - Writing [com.virtuslab.internship.basket.Basket@52a33c3f]
12:35:13.110 [Test worker] DEBUG org.springframework.test.web.servlet.TestDispatcherServlet - Completed 200 OK
12:35:13.119 [Test worker] DEBUG _org.springframework.web.servlet.HandlerMapping.Mappings - 
	c.v.i.w.c.BasketController:
	{DELETE [/basket/{id}]}: deleteBasket(Long)
	{DELETE [/basket/{id}/{productName}]}: deleteItemFromBasket(Long,String)
	{GET [/basket/{id}]}: getBasket(Long)
	{POST [/basket/create]}: createBasket()
	{POST [/basket/{id}/add]}: addProductToBasket(Long,Product)
12:35:13.120 [Test worker] DEBUG org.springframework.web.servlet.mvc.method.annotation.RequestMappingHandlerMapping - 5 mappings in org.springframework.web.servlet.mvc.method.annotation.RequestMappingHandlerMapping
12:35:13.124 [Test worker] DEBUG org.springframework.web.servlet.mvc.method.annotation.RequestMappingHandlerAdapter - ControllerAdvice beans: 0 @ModelAttribute, 0 @InitBinder, 1 RequestBodyAdvice, 1 ResponseBodyAdvice
12:35:13.126 [Test worker] DEBUG org.springframework.web.servlet.mvc.method.annotation.ExceptionHandlerExceptionResolver - ControllerAdvice beans: 1 @ExceptionHandler, 1 ResponseBodyAdvice
12:35:13.126 [Test worker] INFO org.springframework.mock.web.MockServletContext - Initializing Spring TestDispatcherServlet ''
12:35:13.127 [Test worker] INFO org.springframework.test.web.servlet.TestDispatcherServlet - Initializing Servlet ''
12:35:13.127 [Test worker] DEBUG org.springframework.test.web.servlet.TestDispatcherServlet - Detected AcceptHeaderLocaleResolver
12:35:13.127 [Test worker] DEBUG org.springframework.test.web.servlet.TestDispatcherServlet - Detected FixedThemeResolver
12:35:13.127 [Test worker] DEBUG org.springframework.test.web.servlet.TestDispatcherServlet - Detected org.springframework.web.servlet.view.DefaultRequestToViewNameTranslator@75156240
12:35:13.127 [Test worker] DEBUG org.springframework.test.web.servlet.TestDispatcherServlet - Detected org.springframework.web.servlet.support.SessionFlashMapManager@6198e9b5
12:35:13.128 [Test worker] DEBUG org.springframework.test.web.servlet.TestDispatcherServlet - enableLoggingRequestDetails='false': request parameters and headers will be masked to prevent unsafe logging of potentially sensitive data
12:35:13.128 [Test worker] INFO org.springframework.test.web.servlet.TestDispatcherServlet - Completed initialization in 1 ms
12:35:13.129 [Test worker] DEBUG org.springframework.test.web.servlet.TestDispatcherServlet - POST "/basket/create", parameters={}
12:35:13.130 [Test worker] DEBUG org.springframework.web.servlet.mvc.method.annotation.RequestMappingHandlerMapping - Mapped to com.virtuslab.internship.web.controllers.BasketController#createBasket()
12:35:13.131 [Test worker] DEBUG org.springframework.web.servlet.mvc.method.annotation.HttpEntityMethodProcessor - Using 'application/json', given [*/*] and supported [application/json, application/*+json]
12:35:13.132 [Test worker] DEBUG org.springframework.web.servlet.mvc.method.annotation.HttpEntityMethodProcessor - Writing [com.virtuslab.internship.basket.Basket@4ecd00b5]
12:35:13.134 [Test worker] DEBUG org.springframework.test.web.servlet.TestDispatcherServlet - Completed 201 CREATED
]]></system-out>
  <system-err><![CDATA[]]></system-err>
</testsuite>
