<?xml version="1.0" encoding="UTF-8"?>
<testsuite name="com.virtuslab.internship.web.services.BasketServiceTest" tests="6" skipped="0" failures="0" errors="0" timestamp="2022-03-28T19:42:17" hostname="LAPTOP-TVV3KJH9" time="0.097">
  <properties/>
  <testcase name="testRemoveItemFromBasket()" classname="com.virtuslab.internship.web.services.BasketServiceTest" time="0.062"/>
  <testcase name="testRemoveBasket()" classname="com.virtuslab.internship.web.services.BasketServiceTest" time="0.002"/>
  <testcase name="testSaveBasket()" classname="com.virtuslab.internship.web.services.BasketServiceTest" time="0.005"/>
  <testcase name="testFindById()" classname="com.virtuslab.internship.web.services.BasketServiceTest" time="0.008"/>
  <testcase name="testAddItemToBasket()" classname="com.virtuslab.internship.web.services.BasketServiceTest" time="0.007"/>
  <testcase name="testFindByIdNotFoundException()" classname="com.virtuslab.internship.web.services.BasketServiceTest" time="0.006"/>
  <system-out><![CDATA[]]></system-out>
  <system-err><![CDATA[]]></system-err>
</testsuite>
