<?xml version="1.0" encoding="UTF-8"?>
<testsuite name="com.virtuslab.internship.web.controllers.BasketControllerTest" tests="6" skipped="0" failures="0" errors="0" timestamp="2022-03-28T19:42:15" hostname="LAPTOP-TVV3KJH9" time="2.352">
  <properties/>
  <testcase name="testDeleteBasket()" classname="com.virtuslab.internship.web.controllers.BasketControllerTest" time="1.853"/>
  <testcase name="testAddProductToBasket()" classname="com.virtuslab.internship.web.controllers.BasketControllerTest" time="0.234"/>
  <testcase name="testGetBasket()" classname="com.virtuslab.internship.web.controllers.BasketControllerTest" time="0.044"/>
  <testcase name="testGetBasketNotFoundException()" classname="com.virtuslab.internship.web.controllers.BasketControllerTest" time="0.039"/>
  <testcase name="testDeleteItemFromBasket()" classname="com.virtuslab.internship.web.controllers.BasketControllerTest" time="0.132"/>
  <testcase name="testCreateBasket()" classname="com.virtuslab.internship.web.controllers.BasketControllerTest" time="0.043"/>
  <system-out><![CDATA[21:42:16.749 [Test worker] DEBUG _org.springframework.web.servlet.HandlerMapping.Mappings - 
	c.v.i.w.c.BasketController:
	{DELETE [/basket/{id}/{productName}]}: deleteItemFromBasket(Long,String)
	{DELETE [/basket/{id}]}: deleteBasket(Long)
	{POST [/basket/{id}/add]}: addProductToBasket(Long,Product)
	{GET [/basket/{id}]}: getBasket(Long)
	{POST [/basket/create]}: createBasket()
21:42:16.781 [Test worker] DEBUG org.springframework.web.servlet.mvc.method.annotation.RequestMappingHandlerMapping - 5 mappings in org.springframework.web.servlet.mvc.method.annotation.RequestMappingHandlerMapping
21:42:16.969 [Test worker] DEBUG org.springframework.web.servlet.mvc.method.annotation.RequestMappingHandlerAdapter - ControllerAdvice beans: 0 @ModelAttribute, 0 @InitBinder, 1 RequestBodyAdvice, 1 ResponseBodyAdvice
21:42:17.028 [Test worker] DEBUG org.springframework.web.servlet.mvc.method.annotation.ExceptionHandlerExceptionResolver - ControllerAdvice beans: 1 @ExceptionHandler, 1 ResponseBodyAdvice
21:42:17.051 [Test worker] INFO org.springframework.mock.web.MockServletContext - Initializing Spring TestDispatcherServlet ''
21:42:17.051 [Test worker] INFO org.springframework.test.web.servlet.TestDispatcherServlet - Initializing Servlet ''
21:42:17.054 [Test worker] DEBUG org.springframework.test.web.servlet.TestDispatcherServlet - Detected AcceptHeaderLocaleResolver
21:42:17.055 [Test worker] DEBUG org.springframework.test.web.servlet.TestDispatcherServlet - Detected FixedThemeResolver
21:42:17.056 [Test worker] DEBUG org.springframework.test.web.servlet.TestDispatcherServlet - Detected org.springframework.web.servlet.view.DefaultRequestToViewNameTranslator@1352434e
21:42:17.056 [Test worker] DEBUG org.springframework.test.web.servlet.TestDispatcherServlet - Detected org.springframework.web.servlet.support.SessionFlashMapManager@4f9a6c2d
21:42:17.056 [Test worker] DEBUG org.springframework.test.web.servlet.TestDispatcherServlet - enableLoggingRequestDetails='false': request parameters and headers will be masked to prevent unsafe logging of potentially sensitive data
21:42:17.056 [Test worker] INFO org.springframework.test.web.servlet.TestDispatcherServlet - Completed initialization in 5 ms
21:42:17.111 [Test worker] DEBUG org.springframework.test.web.servlet.TestDispatcherServlet - DELETE "/basket/1", parameters={}
21:42:17.119 [Test worker] DEBUG org.springframework.web.servlet.mvc.method.annotation.RequestMappingHandlerMapping - Mapped to com.virtuslab.internship.web.controllers.BasketController#deleteBasket(Long)
21:42:17.187 [Test worker] DEBUG com.virtuslab.internship.web.controllers.BasketController - Successfully removed Basket with ID:1
21:42:17.208 [Test worker] DEBUG org.springframework.web.servlet.mvc.method.annotation.HttpEntityMethodProcessor - Using 'text/plain', given [*/*] and supported [text/plain, */*, application/json, application/*+json]
21:42:17.209 [Test worker] DEBUG org.springframework.web.servlet.mvc.method.annotation.HttpEntityMethodProcessor - Writing ["Deleted basket ID:1"]
21:42:17.218 [Test worker] DEBUG org.springframework.test.web.servlet.TestDispatcherServlet - Completed 200 OK
21:42:17.261 [Test worker] DEBUG _org.springframework.web.servlet.HandlerMapping.Mappings - 
	c.v.i.w.c.BasketController:
	{DELETE [/basket/{id}/{productName}]}: deleteItemFromBasket(Long,String)
	{DELETE [/basket/{id}]}: deleteBasket(Long)
	{POST [/basket/{id}/add]}: addProductToBasket(Long,Product)
	{GET [/basket/{id}]}: getBasket(Long)
	{POST [/basket/create]}: createBasket()
21:42:17.264 [Test worker] DEBUG org.springframework.web.servlet.mvc.method.annotation.RequestMappingHandlerMapping - 5 mappings in org.springframework.web.servlet.mvc.method.annotation.RequestMappingHandlerMapping
21:42:17.275 [Test worker] DEBUG org.springframework.web.servlet.mvc.method.annotation.RequestMappingHandlerAdapter - ControllerAdvice beans: 0 @ModelAttribute, 0 @InitBinder, 1 RequestBodyAdvice, 1 ResponseBodyAdvice
21:42:17.279 [Test worker] DEBUG org.springframework.web.servlet.mvc.method.annotation.ExceptionHandlerExceptionResolver - ControllerAdvice beans: 1 @ExceptionHandler, 1 ResponseBodyAdvice
21:42:17.280 [Test worker] INFO org.springframework.mock.web.MockServletContext - Initializing Spring TestDispatcherServlet ''
21:42:17.280 [Test worker] INFO org.springframework.test.web.servlet.TestDispatcherServlet - Initializing Servlet ''
21:42:17.280 [Test worker] DEBUG org.springframework.test.web.servlet.TestDispatcherServlet - Detected AcceptHeaderLocaleResolver
21:42:17.280 [Test worker] DEBUG org.springframework.test.web.servlet.TestDispatcherServlet - Detected FixedThemeResolver
21:42:17.281 [Test worker] DEBUG org.springframework.test.web.servlet.TestDispatcherServlet - Detected org.springframework.web.servlet.view.DefaultRequestToViewNameTranslator@521bb1a4
21:42:17.281 [Test worker] DEBUG org.springframework.test.web.servlet.TestDispatcherServlet - Detected org.springframework.web.servlet.support.SessionFlashMapManager@35f3a22c
21:42:17.281 [Test worker] DEBUG org.springframework.test.web.servlet.TestDispatcherServlet - enableLoggingRequestDetails='false': request parameters and headers will be masked to prevent unsafe logging of potentially sensitive data
21:42:17.281 [Test worker] INFO org.springframework.test.web.servlet.TestDispatcherServlet - Completed initialization in 1 ms
21:42:17.363 [Test worker] DEBUG org.springframework.test.web.servlet.TestDispatcherServlet - POST "/basket/1/add", parameters={}
21:42:17.364 [Test worker] DEBUG org.springframework.web.servlet.mvc.method.annotation.RequestMappingHandlerMapping - Mapped to com.virtuslab.internship.web.controllers.BasketController#addProductToBasket(Long, Product)
21:42:17.438 [Test worker] DEBUG org.springframework.web.servlet.mvc.method.annotation.RequestResponseBodyMethodProcessor - Read "application/json" to [Product[name=test, type=DAIRY, price=3]]
21:42:17.456 [Test worker] DEBUG com.virtuslab.internship.web.controllers.BasketController - Adding test to basket ID: 1
21:42:17.460 [Test worker] DEBUG org.springframework.web.servlet.mvc.method.annotation.HttpEntityMethodProcessor - Using 'application/json', given [*/*] and supported [application/json, application/*+json]
21:42:17.461 [Test worker] DEBUG org.springframework.web.servlet.mvc.method.annotation.HttpEntityMethodProcessor - Writing [com.virtuslab.internship.basket.Basket@6587305a]
21:42:17.477 [Test worker] DEBUG org.springframework.test.web.servlet.TestDispatcherServlet - Completed 200 OK
21:42:17.495 [Test worker] DEBUG _org.springframework.web.servlet.HandlerMapping.Mappings - 
	c.v.i.w.c.BasketController:
	{DELETE [/basket/{id}/{productName}]}: deleteItemFromBasket(Long,String)
	{DELETE [/basket/{id}]}: deleteBasket(Long)
	{POST [/basket/{id}/add]}: addProductToBasket(Long,Product)
	{GET [/basket/{id}]}: getBasket(Long)
	{POST [/basket/create]}: createBasket()
21:42:17.497 [Test worker] DEBUG org.springframework.web.servlet.mvc.method.annotation.RequestMappingHandlerMapping - 5 mappings in org.springframework.web.servlet.mvc.method.annotation.RequestMappingHandlerMapping
21:42:17.504 [Test worker] DEBUG org.springframework.web.servlet.mvc.method.annotation.RequestMappingHandlerAdapter - ControllerAdvice beans: 0 @ModelAttribute, 0 @InitBinder, 1 RequestBodyAdvice, 1 ResponseBodyAdvice
21:42:17.506 [Test worker] DEBUG org.springframework.web.servlet.mvc.method.annotation.ExceptionHandlerExceptionResolver - ControllerAdvice beans: 1 @ExceptionHandler, 1 ResponseBodyAdvice
21:42:17.507 [Test worker] INFO org.springframework.mock.web.MockServletContext - Initializing Spring TestDispatcherServlet ''
21:42:17.507 [Test worker] INFO org.springframework.test.web.servlet.TestDispatcherServlet - Initializing Servlet ''
21:42:17.507 [Test worker] DEBUG org.springframework.test.web.servlet.TestDispatcherServlet - Detected AcceptHeaderLocaleResolver
21:42:17.508 [Test worker] DEBUG org.springframework.test.web.servlet.TestDispatcherServlet - Detected FixedThemeResolver
21:42:17.508 [Test worker] DEBUG org.springframework.test.web.servlet.TestDispatcherServlet - Detected org.springframework.web.servlet.view.DefaultRequestToViewNameTranslator@5dbb50f3
21:42:17.509 [Test worker] DEBUG org.springframework.test.web.servlet.TestDispatcherServlet - Detected org.springframework.web.servlet.support.SessionFlashMapManager@4a2e7bcb
21:42:17.510 [Test worker] DEBUG org.springframework.test.web.servlet.TestDispatcherServlet - enableLoggingRequestDetails='false': request parameters and headers will be masked to prevent unsafe logging of potentially sensitive data
21:42:17.510 [Test worker] INFO org.springframework.test.web.servlet.TestDispatcherServlet - Completed initialization in 3 ms
21:42:17.513 [Test worker] DEBUG org.springframework.test.web.servlet.TestDispatcherServlet - GET "/basket/1", parameters={}
21:42:17.514 [Test worker] DEBUG org.springframework.web.servlet.mvc.method.annotation.RequestMappingHandlerMapping - Mapped to com.virtuslab.internship.web.controllers.BasketController#getBasket(Long)
21:42:17.516 [Test worker] DEBUG com.virtuslab.internship.web.controllers.BasketController - Getting Basket ID: 1
21:42:17.519 [Test worker] DEBUG org.springframework.web.servlet.mvc.method.annotation.HttpEntityMethodProcessor - Using 'application/json', given [*/*] and supported [application/json, application/*+json]
21:42:17.520 [Test worker] DEBUG org.springframework.web.servlet.mvc.method.annotation.HttpEntityMethodProcessor - Writing [com.virtuslab.internship.basket.Basket@74f827ad]
21:42:17.523 [Test worker] DEBUG org.springframework.test.web.servlet.TestDispatcherServlet - Completed 200 OK
21:42:17.542 [Test worker] DEBUG _org.springframework.web.servlet.HandlerMapping.Mappings - 
	c.v.i.w.c.BasketController:
	{DELETE [/basket/{id}/{productName}]}: deleteItemFromBasket(Long,String)
	{DELETE [/basket/{id}]}: deleteBasket(Long)
	{POST [/basket/{id}/add]}: addProductToBasket(Long,Product)
	{GET [/basket/{id}]}: getBasket(Long)
	{POST [/basket/create]}: createBasket()
21:42:17.543 [Test worker] DEBUG org.springframework.web.servlet.mvc.method.annotation.RequestMappingHandlerMapping - 5 mappings in org.springframework.web.servlet.mvc.method.annotation.RequestMappingHandlerMapping
21:42:17.549 [Test worker] DEBUG org.springframework.web.servlet.mvc.method.annotation.RequestMappingHandlerAdapter - ControllerAdvice beans: 0 @ModelAttribute, 0 @InitBinder, 1 RequestBodyAdvice, 1 ResponseBodyAdvice
21:42:17.555 [Test worker] DEBUG org.springframework.web.servlet.mvc.method.annotation.ExceptionHandlerExceptionResolver - ControllerAdvice beans: 1 @ExceptionHandler, 1 ResponseBodyAdvice
21:42:17.555 [Test worker] INFO org.springframework.mock.web.MockServletContext - Initializing Spring TestDispatcherServlet ''
21:42:17.555 [Test worker] INFO org.springframework.test.web.servlet.TestDispatcherServlet - Initializing Servlet ''
21:42:17.556 [Test worker] DEBUG org.springframework.test.web.servlet.TestDispatcherServlet - Detected AcceptHeaderLocaleResolver
21:42:17.556 [Test worker] DEBUG org.springframework.test.web.servlet.TestDispatcherServlet - Detected FixedThemeResolver
21:42:17.556 [Test worker] DEBUG org.springframework.test.web.servlet.TestDispatcherServlet - Detected org.springframework.web.servlet.view.DefaultRequestToViewNameTranslator@2acdcce8
21:42:17.556 [Test worker] DEBUG org.springframework.test.web.servlet.TestDispatcherServlet - Detected org.springframework.web.servlet.support.SessionFlashMapManager@7102ac3e
21:42:17.556 [Test worker] DEBUG org.springframework.test.web.servlet.TestDispatcherServlet - enableLoggingRequestDetails='false': request parameters and headers will be masked to prevent unsafe logging of potentially sensitive data
21:42:17.556 [Test worker] INFO org.springframework.test.web.servlet.TestDispatcherServlet - Completed initialization in 0 ms
21:42:17.560 [Test worker] DEBUG org.springframework.test.web.servlet.TestDispatcherServlet - GET "/basket/1", parameters={}
21:42:17.560 [Test worker] DEBUG org.springframework.web.servlet.mvc.method.annotation.RequestMappingHandlerMapping - Mapped to com.virtuslab.internship.web.controllers.BasketController#getBasket(Long)
21:42:17.563 [Test worker] DEBUG org.springframework.web.servlet.mvc.method.annotation.ExceptionHandlerExceptionResolver - Using @ExceptionHandler com.virtuslab.internship.web.controllers.ControllersExceptionHandler#handleNotFound(Exception)
21:42:17.564 [Test worker] DEBUG org.springframework.web.servlet.mvc.method.annotation.HttpEntityMethodProcessor - Using 'text/plain', given [*/*] and supported [text/plain, */*, application/json, application/*+json]
21:42:17.565 [Test worker] DEBUG org.springframework.web.servlet.mvc.method.annotation.HttpEntityMethodProcessor - Nothing to write: null body
21:42:17.566 [Test worker] DEBUG org.springframework.web.servlet.mvc.method.annotation.ExceptionHandlerExceptionResolver - Resolved [com.virtuslab.internship.web.exceptions.NotFoundException]
21:42:17.567 [Test worker] DEBUG org.springframework.test.web.servlet.TestDispatcherServlet - Completed 404 NOT_FOUND
21:42:17.587 [Test worker] DEBUG _org.springframework.web.servlet.HandlerMapping.Mappings - 
	c.v.i.w.c.BasketController:
	{DELETE [/basket/{id}/{productName}]}: deleteItemFromBasket(Long,String)
	{DELETE [/basket/{id}]}: deleteBasket(Long)
	{POST [/basket/{id}/add]}: addProductToBasket(Long,Product)
	{GET [/basket/{id}]}: getBasket(Long)
	{POST [/basket/create]}: createBasket()
21:42:17.594 [Test worker] DEBUG org.springframework.web.servlet.mvc.method.annotation.RequestMappingHandlerMapping - 5 mappings in org.springframework.web.servlet.mvc.method.annotation.RequestMappingHandlerMapping
21:42:17.613 [Test worker] DEBUG org.springframework.web.servlet.mvc.method.annotation.RequestMappingHandlerAdapter - ControllerAdvice beans: 0 @ModelAttribute, 0 @InitBinder, 1 RequestBodyAdvice, 1 ResponseBodyAdvice
21:42:17.623 [Test worker] DEBUG org.springframework.web.servlet.mvc.method.annotation.ExceptionHandlerExceptionResolver - ControllerAdvice beans: 1 @ExceptionHandler, 1 ResponseBodyAdvice
21:42:17.624 [Test worker] INFO org.springframework.mock.web.MockServletContext - Initializing Spring TestDispatcherServlet ''
21:42:17.624 [Test worker] INFO org.springframework.test.web.servlet.TestDispatcherServlet - Initializing Servlet ''
21:42:17.624 [Test worker] DEBUG org.springframework.test.web.servlet.TestDispatcherServlet - Detected AcceptHeaderLocaleResolver
21:42:17.639 [Test worker] DEBUG org.springframework.test.web.servlet.TestDispatcherServlet - Detected FixedThemeResolver
21:42:17.641 [Test worker] DEBUG org.springframework.test.web.servlet.TestDispatcherServlet - Detected org.springframework.web.servlet.view.DefaultRequestToViewNameTranslator@7b477141
21:42:17.642 [Test worker] DEBUG org.springframework.test.web.servlet.TestDispatcherServlet - Detected org.springframework.web.servlet.support.SessionFlashMapManager@784223e9
21:42:17.642 [Test worker] DEBUG org.springframework.test.web.servlet.TestDispatcherServlet - enableLoggingRequestDetails='false': request parameters and headers will be masked to prevent unsafe logging of potentially sensitive data
21:42:17.642 [Test worker] INFO org.springframework.test.web.servlet.TestDispatcherServlet - Completed initialization in 18 ms
21:42:17.657 [Test worker] DEBUG org.springframework.test.web.servlet.TestDispatcherServlet - DELETE "/basket/1/test", parameters={}
21:42:17.664 [Test worker] DEBUG org.springframework.web.servlet.mvc.method.annotation.RequestMappingHandlerMapping - Mapped to com.virtuslab.internship.web.controllers.BasketController#deleteItemFromBasket(Long, String)
21:42:17.679 [Test worker] DEBUG com.virtuslab.internship.web.controllers.BasketController - Successfully removed test from Basket ID:1
21:42:17.690 [Test worker] DEBUG org.springframework.web.servlet.mvc.method.annotation.HttpEntityMethodProcessor - Using 'application/json', given [*/*] and supported [application/json, application/*+json]
21:42:17.690 [Test worker] DEBUG org.springframework.web.servlet.mvc.method.annotation.HttpEntityMethodProcessor - Writing [com.virtuslab.internship.basket.Basket@42383cb0]
21:42:17.694 [Test worker] DEBUG org.springframework.test.web.servlet.TestDispatcherServlet - Completed 200 OK
21:42:17.715 [Test worker] DEBUG _org.springframework.web.servlet.HandlerMapping.Mappings - 
	c.v.i.w.c.BasketController:
	{DELETE [/basket/{id}/{productName}]}: deleteItemFromBasket(Long,String)
	{DELETE [/basket/{id}]}: deleteBasket(Long)
	{POST [/basket/{id}/add]}: addProductToBasket(Long,Product)
	{GET [/basket/{id}]}: getBasket(Long)
	{POST [/basket/create]}: createBasket()
21:42:17.717 [Test worker] DEBUG org.springframework.web.servlet.mvc.method.annotation.RequestMappingHandlerMapping - 5 mappings in org.springframework.web.servlet.mvc.method.annotation.RequestMappingHandlerMapping
21:42:17.725 [Test worker] DEBUG org.springframework.web.servlet.mvc.method.annotation.RequestMappingHandlerAdapter - ControllerAdvice beans: 0 @ModelAttribute, 0 @InitBinder, 1 RequestBodyAdvice, 1 ResponseBodyAdvice
21:42:17.728 [Test worker] DEBUG org.springframework.web.servlet.mvc.method.annotation.ExceptionHandlerExceptionResolver - ControllerAdvice beans: 1 @ExceptionHandler, 1 ResponseBodyAdvice
21:42:17.729 [Test worker] INFO org.springframework.mock.web.MockServletContext - Initializing Spring TestDispatcherServlet ''
21:42:17.729 [Test worker] INFO org.springframework.test.web.servlet.TestDispatcherServlet - Initializing Servlet ''
21:42:17.730 [Test worker] DEBUG org.springframework.test.web.servlet.TestDispatcherServlet - Detected AcceptHeaderLocaleResolver
21:42:17.730 [Test worker] DEBUG org.springframework.test.web.servlet.TestDispatcherServlet - Detected FixedThemeResolver
21:42:17.730 [Test worker] DEBUG org.springframework.test.web.servlet.TestDispatcherServlet - Detected org.springframework.web.servlet.view.DefaultRequestToViewNameTranslator@228bda54
21:42:17.730 [Test worker] DEBUG org.springframework.test.web.servlet.TestDispatcherServlet - Detected org.springframework.web.servlet.support.SessionFlashMapManager@75b6dd5b
21:42:17.730 [Test worker] DEBUG org.springframework.test.web.servlet.TestDispatcherServlet - enableLoggingRequestDetails='false': request parameters and headers will be masked to prevent unsafe logging of potentially sensitive data
21:42:17.731 [Test worker] INFO org.springframework.test.web.servlet.TestDispatcherServlet - Completed initialization in 2 ms
21:42:17.733 [Test worker] DEBUG org.springframework.test.web.servlet.TestDispatcherServlet - POST "/basket/create", parameters={}
21:42:17.734 [Test worker] DEBUG org.springframework.web.servlet.mvc.method.annotation.RequestMappingHandlerMapping - Mapped to com.virtuslab.internship.web.controllers.BasketController#createBasket()
21:42:17.736 [Test worker] DEBUG com.virtuslab.internship.web.controllers.BasketController - Successfully created Basket ID: 1
21:42:17.739 [Test worker] DEBUG org.springframework.web.servlet.mvc.method.annotation.HttpEntityMethodProcessor - Using 'application/json', given [*/*] and supported [application/json, application/*+json]
21:42:17.740 [Test worker] DEBUG org.springframework.web.servlet.mvc.method.annotation.HttpEntityMethodProcessor - Writing [com.virtuslab.internship.basket.Basket@72b43104]
21:42:17.744 [Test worker] DEBUG org.springframework.test.web.servlet.TestDispatcherServlet - Completed 201 CREATED
]]></system-out>
  <system-err><![CDATA[]]></system-err>
</testsuite>
