<?xml version="1.0" encoding="UTF-8"?>
<testsuite name="com.virtuslab.internship.web.controllers.BasketControllerTest" tests="6" skipped="0" failures="0" errors="0" timestamp="2022-03-28T15:55:43" hostname="LAPTOP-TVV3KJH9" time="1.352">
  <properties/>
  <testcase name="testDeleteBasket()" classname="com.virtuslab.internship.web.controllers.BasketControllerTest" time="1.152"/>
  <testcase name="testAddProductToBasket()" classname="com.virtuslab.internship.web.controllers.BasketControllerTest" time="0.106"/>
  <testcase name="testGetBasket()" classname="com.virtuslab.internship.web.controllers.BasketControllerTest" time="0.024"/>
  <testcase name="testGetBasketNotFoundException()" classname="com.virtuslab.internship.web.controllers.BasketControllerTest" time="0.023"/>
  <testcase name="testDeleteItemFromBasket()" classname="com.virtuslab.internship.web.controllers.BasketControllerTest" time="0.019"/>
  <testcase name="testCreateBasket()" classname="com.virtuslab.internship.web.controllers.BasketControllerTest" time="0.022"/>
  <system-out><![CDATA[17:55:44.672 [Test worker] DEBUG _org.springframework.web.servlet.HandlerMapping.Mappings - 
	c.v.i.w.c.BasketController:
	{DELETE [/basket/{id}/{productName}]}: deleteItemFromBasket(Long,String)
	{GET [/basket/{id}]}: getBasket(Long)
	{DELETE [/basket/{id}]}: deleteBasket(Long)
	{POST [/basket/{id}/add]}: addProductToBasket(Long,Product)
	{POST [/basket/create]}: createBasket()
17:55:44.703 [Test worker] DEBUG org.springframework.web.servlet.mvc.method.annotation.RequestMappingHandlerMapping - 5 mappings in org.springframework.web.servlet.mvc.method.annotation.RequestMappingHandlerMapping
17:55:44.814 [Test worker] DEBUG org.springframework.web.servlet.mvc.method.annotation.RequestMappingHandlerAdapter - ControllerAdvice beans: 0 @ModelAttribute, 0 @InitBinder, 1 RequestBodyAdvice, 1 ResponseBodyAdvice
17:55:44.861 [Test worker] DEBUG org.springframework.web.servlet.mvc.method.annotation.ExceptionHandlerExceptionResolver - ControllerAdvice beans: 1 @ExceptionHandler, 1 ResponseBodyAdvice
17:55:44.877 [Test worker] INFO org.springframework.mock.web.MockServletContext - Initializing Spring TestDispatcherServlet ''
17:55:44.877 [Test worker] INFO org.springframework.test.web.servlet.TestDispatcherServlet - Initializing Servlet ''
17:55:44.877 [Test worker] DEBUG org.springframework.test.web.servlet.TestDispatcherServlet - Detected AcceptHeaderLocaleResolver
17:55:44.877 [Test worker] DEBUG org.springframework.test.web.servlet.TestDispatcherServlet - Detected FixedThemeResolver
17:55:44.877 [Test worker] DEBUG org.springframework.test.web.servlet.TestDispatcherServlet - Detected org.springframework.web.servlet.view.DefaultRequestToViewNameTranslator@74fab04a
17:55:44.877 [Test worker] DEBUG org.springframework.test.web.servlet.TestDispatcherServlet - Detected org.springframework.web.servlet.support.SessionFlashMapManager@3c83468e
17:55:44.877 [Test worker] DEBUG org.springframework.test.web.servlet.TestDispatcherServlet - enableLoggingRequestDetails='false': request parameters and headers will be masked to prevent unsafe logging of potentially sensitive data
17:55:44.877 [Test worker] INFO org.springframework.test.web.servlet.TestDispatcherServlet - Completed initialization in 0 ms
17:55:44.911 [Test worker] DEBUG org.springframework.test.web.servlet.TestDispatcherServlet - DELETE "/basket/1", parameters={}
17:55:44.911 [Test worker] DEBUG org.springframework.web.servlet.mvc.method.annotation.RequestMappingHandlerMapping - Mapped to com.virtuslab.internship.web.controllers.BasketController#deleteBasket(Long)
17:55:44.955 [Test worker] DEBUG org.springframework.web.servlet.mvc.method.annotation.HttpEntityMethodProcessor - Using 'text/plain', given [*/*] and supported [text/plain, */*, application/json, application/*+json]
17:55:44.955 [Test worker] DEBUG org.springframework.web.servlet.mvc.method.annotation.HttpEntityMethodProcessor - Writing ["Deleted basket ID:1"]
17:55:44.955 [Test worker] DEBUG org.springframework.test.web.servlet.TestDispatcherServlet - Completed 200 OK
17:55:44.971 [Test worker] DEBUG _org.springframework.web.servlet.HandlerMapping.Mappings - 
	c.v.i.w.c.BasketController:
	{DELETE [/basket/{id}/{productName}]}: deleteItemFromBasket(Long,String)
	{GET [/basket/{id}]}: getBasket(Long)
	{DELETE [/basket/{id}]}: deleteBasket(Long)
	{POST [/basket/{id}/add]}: addProductToBasket(Long,Product)
	{POST [/basket/create]}: createBasket()
17:55:44.971 [Test worker] DEBUG org.springframework.web.servlet.mvc.method.annotation.RequestMappingHandlerMapping - 5 mappings in org.springframework.web.servlet.mvc.method.annotation.RequestMappingHandlerMapping
17:55:44.971 [Test worker] DEBUG org.springframework.web.servlet.mvc.method.annotation.RequestMappingHandlerAdapter - ControllerAdvice beans: 0 @ModelAttribute, 0 @InitBinder, 1 RequestBodyAdvice, 1 ResponseBodyAdvice
17:55:44.971 [Test worker] DEBUG org.springframework.web.servlet.mvc.method.annotation.ExceptionHandlerExceptionResolver - ControllerAdvice beans: 1 @ExceptionHandler, 1 ResponseBodyAdvice
17:55:44.987 [Test worker] INFO org.springframework.mock.web.MockServletContext - Initializing Spring TestDispatcherServlet ''
17:55:44.987 [Test worker] INFO org.springframework.test.web.servlet.TestDispatcherServlet - Initializing Servlet ''
17:55:44.987 [Test worker] DEBUG org.springframework.test.web.servlet.TestDispatcherServlet - Detected AcceptHeaderLocaleResolver
17:55:44.987 [Test worker] DEBUG org.springframework.test.web.servlet.TestDispatcherServlet - Detected FixedThemeResolver
17:55:44.987 [Test worker] DEBUG org.springframework.test.web.servlet.TestDispatcherServlet - Detected org.springframework.web.servlet.view.DefaultRequestToViewNameTranslator@11eed657
17:55:44.987 [Test worker] DEBUG org.springframework.test.web.servlet.TestDispatcherServlet - Detected org.springframework.web.servlet.support.SessionFlashMapManager@708f018e
17:55:44.987 [Test worker] DEBUG org.springframework.test.web.servlet.TestDispatcherServlet - enableLoggingRequestDetails='false': request parameters and headers will be masked to prevent unsafe logging of potentially sensitive data
17:55:44.987 [Test worker] INFO org.springframework.test.web.servlet.TestDispatcherServlet - Completed initialization in 0 ms
17:55:45.018 [Test worker] DEBUG org.springframework.test.web.servlet.TestDispatcherServlet - POST "/basket/1/add", parameters={}
17:55:45.018 [Test worker] DEBUG org.springframework.web.servlet.mvc.method.annotation.RequestMappingHandlerMapping - Mapped to com.virtuslab.internship.web.controllers.BasketController#addProductToBasket(Long, Product)
17:55:45.050 [Test worker] DEBUG org.springframework.web.servlet.mvc.method.annotation.RequestResponseBodyMethodProcessor - Read "application/json" to [Product[name=test, type=DAIRY, price=3]]
17:55:45.065 [Test worker] DEBUG org.springframework.web.servlet.mvc.method.annotation.HttpEntityMethodProcessor - Using 'application/json', given [*/*] and supported [application/json, application/*+json]
17:55:45.065 [Test worker] DEBUG org.springframework.web.servlet.mvc.method.annotation.HttpEntityMethodProcessor - Writing [com.virtuslab.internship.basket.Basket@60bb7995]
17:55:45.065 [Test worker] DEBUG org.springframework.test.web.servlet.TestDispatcherServlet - Completed 200 OK
17:55:45.081 [Test worker] DEBUG _org.springframework.web.servlet.HandlerMapping.Mappings - 
	c.v.i.w.c.BasketController:
	{DELETE [/basket/{id}/{productName}]}: deleteItemFromBasket(Long,String)
	{GET [/basket/{id}]}: getBasket(Long)
	{DELETE [/basket/{id}]}: deleteBasket(Long)
	{POST [/basket/{id}/add]}: addProductToBasket(Long,Product)
	{POST [/basket/create]}: createBasket()
17:55:45.081 [Test worker] DEBUG org.springframework.web.servlet.mvc.method.annotation.RequestMappingHandlerMapping - 5 mappings in org.springframework.web.servlet.mvc.method.annotation.RequestMappingHandlerMapping
17:55:45.081 [Test worker] DEBUG org.springframework.web.servlet.mvc.method.annotation.RequestMappingHandlerAdapter - ControllerAdvice beans: 0 @ModelAttribute, 0 @InitBinder, 1 RequestBodyAdvice, 1 ResponseBodyAdvice
17:55:45.097 [Test worker] DEBUG org.springframework.web.servlet.mvc.method.annotation.ExceptionHandlerExceptionResolver - ControllerAdvice beans: 1 @ExceptionHandler, 1 ResponseBodyAdvice
17:55:45.097 [Test worker] INFO org.springframework.mock.web.MockServletContext - Initializing Spring TestDispatcherServlet ''
17:55:45.097 [Test worker] INFO org.springframework.test.web.servlet.TestDispatcherServlet - Initializing Servlet ''
17:55:45.097 [Test worker] DEBUG org.springframework.test.web.servlet.TestDispatcherServlet - Detected AcceptHeaderLocaleResolver
17:55:45.097 [Test worker] DEBUG org.springframework.test.web.servlet.TestDispatcherServlet - Detected FixedThemeResolver
17:55:45.097 [Test worker] DEBUG org.springframework.test.web.servlet.TestDispatcherServlet - Detected org.springframework.web.servlet.view.DefaultRequestToViewNameTranslator@37e69c43
17:55:45.097 [Test worker] DEBUG org.springframework.test.web.servlet.TestDispatcherServlet - Detected org.springframework.web.servlet.support.SessionFlashMapManager@5c7dfc05
17:55:45.097 [Test worker] DEBUG org.springframework.test.web.servlet.TestDispatcherServlet - enableLoggingRequestDetails='false': request parameters and headers will be masked to prevent unsafe logging of potentially sensitive data
17:55:45.097 [Test worker] INFO org.springframework.test.web.servlet.TestDispatcherServlet - Completed initialization in 0 ms
17:55:45.097 [Test worker] DEBUG org.springframework.test.web.servlet.TestDispatcherServlet - GET "/basket/1", parameters={}
17:55:45.097 [Test worker] DEBUG org.springframework.web.servlet.mvc.method.annotation.RequestMappingHandlerMapping - Mapped to com.virtuslab.internship.web.controllers.BasketController#getBasket(Long)
17:55:45.097 [Test worker] DEBUG org.springframework.web.servlet.mvc.method.annotation.HttpEntityMethodProcessor - Using 'application/json', given [*/*] and supported [application/json, application/*+json]
17:55:45.097 [Test worker] DEBUG org.springframework.web.servlet.mvc.method.annotation.HttpEntityMethodProcessor - Writing [com.virtuslab.internship.basket.Basket@3d0cac1f]
17:55:45.097 [Test worker] DEBUG org.springframework.test.web.servlet.TestDispatcherServlet - Completed 200 OK
17:55:45.113 [Test worker] DEBUG _org.springframework.web.servlet.HandlerMapping.Mappings - 
	c.v.i.w.c.BasketController:
	{DELETE [/basket/{id}/{productName}]}: deleteItemFromBasket(Long,String)
	{GET [/basket/{id}]}: getBasket(Long)
	{DELETE [/basket/{id}]}: deleteBasket(Long)
	{POST [/basket/{id}/add]}: addProductToBasket(Long,Product)
	{POST [/basket/create]}: createBasket()
17:55:45.113 [Test worker] DEBUG org.springframework.web.servlet.mvc.method.annotation.RequestMappingHandlerMapping - 5 mappings in org.springframework.web.servlet.mvc.method.annotation.RequestMappingHandlerMapping
17:55:45.113 [Test worker] DEBUG org.springframework.web.servlet.mvc.method.annotation.RequestMappingHandlerAdapter - ControllerAdvice beans: 0 @ModelAttribute, 0 @InitBinder, 1 RequestBodyAdvice, 1 ResponseBodyAdvice
17:55:45.113 [Test worker] DEBUG org.springframework.web.servlet.mvc.method.annotation.ExceptionHandlerExceptionResolver - ControllerAdvice beans: 1 @ExceptionHandler, 1 ResponseBodyAdvice
17:55:45.113 [Test worker] INFO org.springframework.mock.web.MockServletContext - Initializing Spring TestDispatcherServlet ''
17:55:45.113 [Test worker] INFO org.springframework.test.web.servlet.TestDispatcherServlet - Initializing Servlet ''
17:55:45.113 [Test worker] DEBUG org.springframework.test.web.servlet.TestDispatcherServlet - Detected AcceptHeaderLocaleResolver
17:55:45.113 [Test worker] DEBUG org.springframework.test.web.servlet.TestDispatcherServlet - Detected FixedThemeResolver
17:55:45.113 [Test worker] DEBUG org.springframework.test.web.servlet.TestDispatcherServlet - Detected org.springframework.web.servlet.view.DefaultRequestToViewNameTranslator@1e4c6583
17:55:45.113 [Test worker] DEBUG org.springframework.test.web.servlet.TestDispatcherServlet - Detected org.springframework.web.servlet.support.SessionFlashMapManager@2ee48610
17:55:45.113 [Test worker] DEBUG org.springframework.test.web.servlet.TestDispatcherServlet - enableLoggingRequestDetails='false': request parameters and headers will be masked to prevent unsafe logging of potentially sensitive data
17:55:45.113 [Test worker] INFO org.springframework.test.web.servlet.TestDispatcherServlet - Completed initialization in 0 ms
17:55:45.113 [Test worker] DEBUG org.springframework.test.web.servlet.TestDispatcherServlet - GET "/basket/1", parameters={}
17:55:45.113 [Test worker] DEBUG org.springframework.web.servlet.mvc.method.annotation.RequestMappingHandlerMapping - Mapped to com.virtuslab.internship.web.controllers.BasketController#getBasket(Long)
17:55:45.128 [Test worker] DEBUG org.springframework.web.servlet.mvc.method.annotation.ExceptionHandlerExceptionResolver - Using @ExceptionHandler com.virtuslab.internship.web.controllers.ControllersExceptionHandler#handleNotFound(Exception)
17:55:45.128 [Test worker] DEBUG org.springframework.web.servlet.mvc.method.annotation.HttpEntityMethodProcessor - Using 'text/plain', given [*/*] and supported [text/plain, */*, application/json, application/*+json]
17:55:45.128 [Test worker] DEBUG org.springframework.web.servlet.mvc.method.annotation.HttpEntityMethodProcessor - Nothing to write: null body
17:55:45.128 [Test worker] DEBUG org.springframework.web.servlet.mvc.method.annotation.ExceptionHandlerExceptionResolver - Resolved [com.virtuslab.internship.web.exceptions.NotFoundException]
17:55:45.128 [Test worker] DEBUG org.springframework.test.web.servlet.TestDispatcherServlet - Completed 404 NOT_FOUND
17:55:45.128 [Test worker] DEBUG _org.springframework.web.servlet.HandlerMapping.Mappings - 
	c.v.i.w.c.BasketController:
	{DELETE [/basket/{id}/{productName}]}: deleteItemFromBasket(Long,String)
	{GET [/basket/{id}]}: getBasket(Long)
	{DELETE [/basket/{id}]}: deleteBasket(Long)
	{POST [/basket/{id}/add]}: addProductToBasket(Long,Product)
	{POST [/basket/create]}: createBasket()
17:55:45.128 [Test worker] DEBUG org.springframework.web.servlet.mvc.method.annotation.RequestMappingHandlerMapping - 5 mappings in org.springframework.web.servlet.mvc.method.annotation.RequestMappingHandlerMapping
17:55:45.128 [Test worker] DEBUG org.springframework.web.servlet.mvc.method.annotation.RequestMappingHandlerAdapter - ControllerAdvice beans: 0 @ModelAttribute, 0 @InitBinder, 1 RequestBodyAdvice, 1 ResponseBodyAdvice
17:55:45.128 [Test worker] DEBUG org.springframework.web.servlet.mvc.method.annotation.ExceptionHandlerExceptionResolver - ControllerAdvice beans: 1 @ExceptionHandler, 1 ResponseBodyAdvice
17:55:45.128 [Test worker] INFO org.springframework.mock.web.MockServletContext - Initializing Spring TestDispatcherServlet ''
17:55:45.128 [Test worker] INFO org.springframework.test.web.servlet.TestDispatcherServlet - Initializing Servlet ''
17:55:45.128 [Test worker] DEBUG org.springframework.test.web.servlet.TestDispatcherServlet - Detected AcceptHeaderLocaleResolver
17:55:45.144 [Test worker] DEBUG org.springframework.test.web.servlet.TestDispatcherServlet - Detected FixedThemeResolver
17:55:45.144 [Test worker] DEBUG org.springframework.test.web.servlet.TestDispatcherServlet - Detected org.springframework.web.servlet.view.DefaultRequestToViewNameTranslator@56dd6efa
17:55:45.144 [Test worker] DEBUG org.springframework.test.web.servlet.TestDispatcherServlet - Detected org.springframework.web.servlet.support.SessionFlashMapManager@4d634127
17:55:45.144 [Test worker] DEBUG org.springframework.test.web.servlet.TestDispatcherServlet - enableLoggingRequestDetails='false': request parameters and headers will be masked to prevent unsafe logging of potentially sensitive data
17:55:45.144 [Test worker] INFO org.springframework.test.web.servlet.TestDispatcherServlet - Completed initialization in 16 ms
17:55:45.144 [Test worker] DEBUG org.springframework.test.web.servlet.TestDispatcherServlet - DELETE "/basket/1/test", parameters={}
17:55:45.144 [Test worker] DEBUG org.springframework.web.servlet.mvc.method.annotation.RequestMappingHandlerMapping - Mapped to com.virtuslab.internship.web.controllers.BasketController#deleteItemFromBasket(Long, String)
17:55:45.144 [Test worker] DEBUG org.springframework.web.servlet.mvc.method.annotation.HttpEntityMethodProcessor - Using 'application/json', given [*/*] and supported [application/json, application/*+json]
17:55:45.144 [Test worker] DEBUG org.springframework.web.servlet.mvc.method.annotation.HttpEntityMethodProcessor - Writing [com.virtuslab.internship.basket.Basket@72b43104]
17:55:45.144 [Test worker] DEBUG org.springframework.test.web.servlet.TestDispatcherServlet - Completed 200 OK
17:55:45.144 [Test worker] DEBUG _org.springframework.web.servlet.HandlerMapping.Mappings - 
	c.v.i.w.c.BasketController:
	{DELETE [/basket/{id}/{productName}]}: deleteItemFromBasket(Long,String)
	{GET [/basket/{id}]}: getBasket(Long)
	{DELETE [/basket/{id}]}: deleteBasket(Long)
	{POST [/basket/{id}/add]}: addProductToBasket(Long,Product)
	{POST [/basket/create]}: createBasket()
17:55:45.144 [Test worker] DEBUG org.springframework.web.servlet.mvc.method.annotation.RequestMappingHandlerMapping - 5 mappings in org.springframework.web.servlet.mvc.method.annotation.RequestMappingHandlerMapping
17:55:45.159 [Test worker] DEBUG org.springframework.web.servlet.mvc.method.annotation.RequestMappingHandlerAdapter - ControllerAdvice beans: 0 @ModelAttribute, 0 @InitBinder, 1 RequestBodyAdvice, 1 ResponseBodyAdvice
17:55:45.159 [Test worker] DEBUG org.springframework.web.servlet.mvc.method.annotation.ExceptionHandlerExceptionResolver - ControllerAdvice beans: 1 @ExceptionHandler, 1 ResponseBodyAdvice
17:55:45.159 [Test worker] INFO org.springframework.mock.web.MockServletContext - Initializing Spring TestDispatcherServlet ''
17:55:45.159 [Test worker] INFO org.springframework.test.web.servlet.TestDispatcherServlet - Initializing Servlet ''
17:55:45.159 [Test worker] DEBUG org.springframework.test.web.servlet.TestDispatcherServlet - Detected AcceptHeaderLocaleResolver
17:55:45.159 [Test worker] DEBUG org.springframework.test.web.servlet.TestDispatcherServlet - Detected FixedThemeResolver
17:55:45.159 [Test worker] DEBUG org.springframework.test.web.servlet.TestDispatcherServlet - Detected org.springframework.web.servlet.view.DefaultRequestToViewNameTranslator@3fd05b3e
17:55:45.159 [Test worker] DEBUG org.springframework.test.web.servlet.TestDispatcherServlet - Detected org.springframework.web.servlet.support.SessionFlashMapManager@4eb9f2af
17:55:45.159 [Test worker] DEBUG org.springframework.test.web.servlet.TestDispatcherServlet - enableLoggingRequestDetails='false': request parameters and headers will be masked to prevent unsafe logging of potentially sensitive data
17:55:45.159 [Test worker] INFO org.springframework.test.web.servlet.TestDispatcherServlet - Completed initialization in 0 ms
17:55:45.159 [Test worker] DEBUG org.springframework.test.web.servlet.TestDispatcherServlet - POST "/basket/create", parameters={}
17:55:45.159 [Test worker] DEBUG org.springframework.web.servlet.mvc.method.annotation.RequestMappingHandlerMapping - Mapped to com.virtuslab.internship.web.controllers.BasketController#createBasket()
17:55:45.159 [Test worker] DEBUG org.springframework.web.servlet.mvc.method.annotation.HttpEntityMethodProcessor - Using 'application/json', given [*/*] and supported [application/json, application/*+json]
17:55:45.159 [Test worker] DEBUG org.springframework.web.servlet.mvc.method.annotation.HttpEntityMethodProcessor - Writing [com.virtuslab.internship.basket.Basket@4ace284d]
17:55:45.159 [Test worker] DEBUG org.springframework.test.web.servlet.TestDispatcherServlet - Completed 201 CREATED
]]></system-out>
  <system-err><![CDATA[]]></system-err>
</testsuite>
