<?xml version="1.0" encoding="UTF-8"?>
<testsuite name="com.virtuslab.internship.web.services.BasketServiceTest" tests="1" skipped="0" failures="0" errors="0" timestamp="2022-03-28T12:01:56" hostname="LAPTOP-TVV3KJH9" time="0.683">
  <properties/>
  <testcase name="testRemoveBasket()" classname="com.virtuslab.internship.web.services.BasketServiceTest" time="0.683"/>
  <system-out><![CDATA[]]></system-out>
  <system-err><![CDATA[]]></system-err>
</testsuite>
