<?xml version="1.0" encoding="UTF-8"?>
<testsuite name="com.virtuslab.internship.discount.ManyDiscountsAtTheSameTimeTest" tests="2" skipped="0" failures="0" errors="0" timestamp="2022-03-28T16:18:03" hostname="LAPTOP-TVV3KJH9" time="0.002">
  <properties/>
  <testcase name="shouldOnlyApply15PercentDiscountWhenCartHasAtLeast3GrainProductsButPriceIsUnder50()" classname="com.virtuslab.internship.discount.ManyDiscountsAtTheSameTimeTest" time="0.001"/>
  <testcase name="shouldApply15And10PercentDiscountWhenCartHasAtLeast3GrainProductsAndPriceIsAbove50()" classname="com.virtuslab.internship.discount.ManyDiscountsAtTheSameTimeTest" time="0.001"/>
  <system-out><![CDATA[]]></system-out>
  <system-err><![CDATA[]]></system-err>
</testsuite>
