<?xml version="1.0" encoding="UTF-8"?>
<testsuite name="com.virtuslab.internship.discount.FifteenPercentDiscountTest" tests="1" skipped="0" failures="0" errors="0" timestamp="2022-03-25T17:41:51" hostname="LAPTOP-TVV3KJH9" time="0.031">
  <properties/>
  <testcase name="shouldNotApply15PercentDiscountWhenCartHasLessThan3GrainProducts()" classname="com.virtuslab.internship.discount.FifteenPercentDiscountTest" time="0.031"/>
  <system-out><![CDATA[]]></system-out>
  <system-err><![CDATA[]]></system-err>
</testsuite>
