<?xml version="1.0" encoding="UTF-8"?>
<testsuite name="com.virtuslab.internship.web.controllers.BasketControllerTest" tests="6" skipped="0" failures="0" errors="0" timestamp="2022-03-28T16:18:03" hostname="LAPTOP-TVV3KJH9" time="1.37">
  <properties/>
  <testcase name="testDeleteBasket()" classname="com.virtuslab.internship.web.controllers.BasketControllerTest" time="1.147"/>
  <testcase name="testAddProductToBasket()" classname="com.virtuslab.internship.web.controllers.BasketControllerTest" time="0.125"/>
  <testcase name="testGetBasket()" classname="com.virtuslab.internship.web.controllers.BasketControllerTest" time="0.022"/>
  <testcase name="testGetBasketNotFoundException()" classname="com.virtuslab.internship.web.controllers.BasketControllerTest" time="0.024"/>
  <testcase name="testDeleteItemFromBasket()" classname="com.virtuslab.internship.web.controllers.BasketControllerTest" time="0.025"/>
  <testcase name="testCreateBasket()" classname="com.virtuslab.internship.web.controllers.BasketControllerTest" time="0.024"/>
  <system-out><![CDATA[18:18:04.253 [Test worker] DEBUG _org.springframework.web.servlet.HandlerMapping.Mappings - 
	c.v.i.w.c.BasketController:
	{POST [/basket/create]}: createBasket()
	{DELETE [/basket/{id}]}: deleteBasket(Long)
	{POST [/basket/{id}/add]}: addProductToBasket(Long,Product)
	{GET [/basket/{id}]}: getBasket(Long)
	{DELETE [/basket/{id}/{productName}]}: deleteItemFromBasket(Long,String)
18:18:04.275 [Test worker] DEBUG org.springframework.web.servlet.mvc.method.annotation.RequestMappingHandlerMapping - 5 mappings in org.springframework.web.servlet.mvc.method.annotation.RequestMappingHandlerMapping
18:18:04.394 [Test worker] DEBUG org.springframework.web.servlet.mvc.method.annotation.RequestMappingHandlerAdapter - ControllerAdvice beans: 0 @ModelAttribute, 0 @InitBinder, 1 RequestBodyAdvice, 1 ResponseBodyAdvice
18:18:04.441 [Test worker] DEBUG org.springframework.web.servlet.mvc.method.annotation.ExceptionHandlerExceptionResolver - ControllerAdvice beans: 1 @ExceptionHandler, 1 ResponseBodyAdvice
18:18:04.457 [Test worker] INFO org.springframework.mock.web.MockServletContext - Initializing Spring TestDispatcherServlet ''
18:18:04.457 [Test worker] INFO org.springframework.test.web.servlet.TestDispatcherServlet - Initializing Servlet ''
18:18:04.457 [Test worker] DEBUG org.springframework.test.web.servlet.TestDispatcherServlet - Detected AcceptHeaderLocaleResolver
18:18:04.457 [Test worker] DEBUG org.springframework.test.web.servlet.TestDispatcherServlet - Detected FixedThemeResolver
18:18:04.457 [Test worker] DEBUG org.springframework.test.web.servlet.TestDispatcherServlet - Detected org.springframework.web.servlet.view.DefaultRequestToViewNameTranslator@1352434e
18:18:04.457 [Test worker] DEBUG org.springframework.test.web.servlet.TestDispatcherServlet - Detected org.springframework.web.servlet.support.SessionFlashMapManager@4f9a6c2d
18:18:04.457 [Test worker] DEBUG org.springframework.test.web.servlet.TestDispatcherServlet - enableLoggingRequestDetails='false': request parameters and headers will be masked to prevent unsafe logging of potentially sensitive data
18:18:04.457 [Test worker] INFO org.springframework.test.web.servlet.TestDispatcherServlet - Completed initialization in 0 ms
18:18:04.488 [Test worker] DEBUG org.springframework.test.web.servlet.TestDispatcherServlet - DELETE "/basket/1", parameters={}
18:18:04.504 [Test worker] DEBUG org.springframework.web.servlet.mvc.method.annotation.RequestMappingHandlerMapping - Mapped to com.virtuslab.internship.web.controllers.BasketController#deleteBasket(Long)
18:18:04.535 [Test worker] DEBUG org.springframework.web.servlet.mvc.method.annotation.HttpEntityMethodProcessor - Using 'text/plain', given [*/*] and supported [text/plain, */*, application/json, application/*+json]
18:18:04.535 [Test worker] DEBUG org.springframework.web.servlet.mvc.method.annotation.HttpEntityMethodProcessor - Writing ["Deleted basket ID:1"]
18:18:04.551 [Test worker] DEBUG org.springframework.test.web.servlet.TestDispatcherServlet - Completed 200 OK
18:18:04.566 [Test worker] DEBUG _org.springframework.web.servlet.HandlerMapping.Mappings - 
	c.v.i.w.c.BasketController:
	{POST [/basket/create]}: createBasket()
	{DELETE [/basket/{id}]}: deleteBasket(Long)
	{POST [/basket/{id}/add]}: addProductToBasket(Long,Product)
	{GET [/basket/{id}]}: getBasket(Long)
	{DELETE [/basket/{id}/{productName}]}: deleteItemFromBasket(Long,String)
18:18:04.566 [Test worker] DEBUG org.springframework.web.servlet.mvc.method.annotation.RequestMappingHandlerMapping - 5 mappings in org.springframework.web.servlet.mvc.method.annotation.RequestMappingHandlerMapping
18:18:04.576 [Test worker] DEBUG org.springframework.web.servlet.mvc.method.annotation.RequestMappingHandlerAdapter - ControllerAdvice beans: 0 @ModelAttribute, 0 @InitBinder, 1 RequestBodyAdvice, 1 ResponseBodyAdvice
18:18:04.583 [Test worker] DEBUG org.springframework.web.servlet.mvc.method.annotation.ExceptionHandlerExceptionResolver - ControllerAdvice beans: 1 @ExceptionHandler, 1 ResponseBodyAdvice
18:18:04.583 [Test worker] INFO org.springframework.mock.web.MockServletContext - Initializing Spring TestDispatcherServlet ''
18:18:04.583 [Test worker] INFO org.springframework.test.web.servlet.TestDispatcherServlet - Initializing Servlet ''
18:18:04.583 [Test worker] DEBUG org.springframework.test.web.servlet.TestDispatcherServlet - Detected AcceptHeaderLocaleResolver
18:18:04.583 [Test worker] DEBUG org.springframework.test.web.servlet.TestDispatcherServlet - Detected FixedThemeResolver
18:18:04.583 [Test worker] DEBUG org.springframework.test.web.servlet.TestDispatcherServlet - Detected org.springframework.web.servlet.view.DefaultRequestToViewNameTranslator@521bb1a4
18:18:04.583 [Test worker] DEBUG org.springframework.test.web.servlet.TestDispatcherServlet - Detected org.springframework.web.servlet.support.SessionFlashMapManager@35f3a22c
18:18:04.583 [Test worker] DEBUG org.springframework.test.web.servlet.TestDispatcherServlet - enableLoggingRequestDetails='false': request parameters and headers will be masked to prevent unsafe logging of potentially sensitive data
18:18:04.583 [Test worker] INFO org.springframework.test.web.servlet.TestDispatcherServlet - Completed initialization in 0 ms
18:18:04.629 [Test worker] DEBUG org.springframework.test.web.servlet.TestDispatcherServlet - POST "/basket/1/add", parameters={}
18:18:04.629 [Test worker] DEBUG org.springframework.web.servlet.mvc.method.annotation.RequestMappingHandlerMapping - Mapped to com.virtuslab.internship.web.controllers.BasketController#addProductToBasket(Long, Product)
18:18:04.661 [Test worker] DEBUG org.springframework.web.servlet.mvc.method.annotation.RequestResponseBodyMethodProcessor - Read "application/json" to [Product[name=test, type=DAIRY, price=3]]
18:18:04.677 [Test worker] DEBUG org.springframework.web.servlet.mvc.method.annotation.HttpEntityMethodProcessor - Using 'application/json', given [*/*] and supported [application/json, application/*+json]
18:18:04.677 [Test worker] DEBUG org.springframework.web.servlet.mvc.method.annotation.HttpEntityMethodProcessor - Writing [com.virtuslab.internship.basket.Basket@365cdacf]
18:18:04.677 [Test worker] DEBUG org.springframework.test.web.servlet.TestDispatcherServlet - Completed 200 OK
18:18:04.692 [Test worker] DEBUG _org.springframework.web.servlet.HandlerMapping.Mappings - 
	c.v.i.w.c.BasketController:
	{POST [/basket/create]}: createBasket()
	{DELETE [/basket/{id}]}: deleteBasket(Long)
	{POST [/basket/{id}/add]}: addProductToBasket(Long,Product)
	{GET [/basket/{id}]}: getBasket(Long)
	{DELETE [/basket/{id}/{productName}]}: deleteItemFromBasket(Long,String)
18:18:04.692 [Test worker] DEBUG org.springframework.web.servlet.mvc.method.annotation.RequestMappingHandlerMapping - 5 mappings in org.springframework.web.servlet.mvc.method.annotation.RequestMappingHandlerMapping
18:18:04.692 [Test worker] DEBUG org.springframework.web.servlet.mvc.method.annotation.RequestMappingHandlerAdapter - ControllerAdvice beans: 0 @ModelAttribute, 0 @InitBinder, 1 RequestBodyAdvice, 1 ResponseBodyAdvice
18:18:04.692 [Test worker] DEBUG org.springframework.web.servlet.mvc.method.annotation.ExceptionHandlerExceptionResolver - ControllerAdvice beans: 1 @ExceptionHandler, 1 ResponseBodyAdvice
18:18:04.692 [Test worker] INFO org.springframework.mock.web.MockServletContext - Initializing Spring TestDispatcherServlet ''
18:18:04.692 [Test worker] INFO org.springframework.test.web.servlet.TestDispatcherServlet - Initializing Servlet ''
18:18:04.692 [Test worker] DEBUG org.springframework.test.web.servlet.TestDispatcherServlet - Detected AcceptHeaderLocaleResolver
18:18:04.692 [Test worker] DEBUG org.springframework.test.web.servlet.TestDispatcherServlet - Detected FixedThemeResolver
18:18:04.692 [Test worker] DEBUG org.springframework.test.web.servlet.TestDispatcherServlet - Detected org.springframework.web.servlet.view.DefaultRequestToViewNameTranslator@6824b913
18:18:04.692 [Test worker] DEBUG org.springframework.test.web.servlet.TestDispatcherServlet - Detected org.springframework.web.servlet.support.SessionFlashMapManager@756aadfc
18:18:04.692 [Test worker] DEBUG org.springframework.test.web.servlet.TestDispatcherServlet - enableLoggingRequestDetails='false': request parameters and headers will be masked to prevent unsafe logging of potentially sensitive data
18:18:04.692 [Test worker] INFO org.springframework.test.web.servlet.TestDispatcherServlet - Completed initialization in 0 ms
18:18:04.692 [Test worker] DEBUG org.springframework.test.web.servlet.TestDispatcherServlet - GET "/basket/1", parameters={}
18:18:04.692 [Test worker] DEBUG org.springframework.web.servlet.mvc.method.annotation.RequestMappingHandlerMapping - Mapped to com.virtuslab.internship.web.controllers.BasketController#getBasket(Long)
18:18:04.692 [Test worker] DEBUG org.springframework.web.servlet.mvc.method.annotation.HttpEntityMethodProcessor - Using 'application/json', given [*/*] and supported [application/json, application/*+json]
18:18:04.692 [Test worker] DEBUG org.springframework.web.servlet.mvc.method.annotation.HttpEntityMethodProcessor - Writing [com.virtuslab.internship.basket.Basket@40729f01]
18:18:04.708 [Test worker] DEBUG org.springframework.test.web.servlet.TestDispatcherServlet - Completed 200 OK
18:18:04.708 [Test worker] DEBUG _org.springframework.web.servlet.HandlerMapping.Mappings - 
	c.v.i.w.c.BasketController:
	{POST [/basket/create]}: createBasket()
	{DELETE [/basket/{id}]}: deleteBasket(Long)
	{POST [/basket/{id}/add]}: addProductToBasket(Long,Product)
	{GET [/basket/{id}]}: getBasket(Long)
	{DELETE [/basket/{id}/{productName}]}: deleteItemFromBasket(Long,String)
18:18:04.708 [Test worker] DEBUG org.springframework.web.servlet.mvc.method.annotation.RequestMappingHandlerMapping - 5 mappings in org.springframework.web.servlet.mvc.method.annotation.RequestMappingHandlerMapping
18:18:04.724 [Test worker] DEBUG org.springframework.web.servlet.mvc.method.annotation.RequestMappingHandlerAdapter - ControllerAdvice beans: 0 @ModelAttribute, 0 @InitBinder, 1 RequestBodyAdvice, 1 ResponseBodyAdvice
18:18:04.724 [Test worker] DEBUG org.springframework.web.servlet.mvc.method.annotation.ExceptionHandlerExceptionResolver - ControllerAdvice beans: 1 @ExceptionHandler, 1 ResponseBodyAdvice
18:18:04.724 [Test worker] INFO org.springframework.mock.web.MockServletContext - Initializing Spring TestDispatcherServlet ''
18:18:04.724 [Test worker] INFO org.springframework.test.web.servlet.TestDispatcherServlet - Initializing Servlet ''
18:18:04.724 [Test worker] DEBUG org.springframework.test.web.servlet.TestDispatcherServlet - Detected AcceptHeaderLocaleResolver
18:18:04.724 [Test worker] DEBUG org.springframework.test.web.servlet.TestDispatcherServlet - Detected FixedThemeResolver
18:18:04.724 [Test worker] DEBUG org.springframework.test.web.servlet.TestDispatcherServlet - Detected org.springframework.web.servlet.view.DefaultRequestToViewNameTranslator@3ba348ca
18:18:04.724 [Test worker] DEBUG org.springframework.test.web.servlet.TestDispatcherServlet - Detected org.springframework.web.servlet.support.SessionFlashMapManager@56e9a474
18:18:04.724 [Test worker] DEBUG org.springframework.test.web.servlet.TestDispatcherServlet - enableLoggingRequestDetails='false': request parameters and headers will be masked to prevent unsafe logging of potentially sensitive data
18:18:04.724 [Test worker] INFO org.springframework.test.web.servlet.TestDispatcherServlet - Completed initialization in 0 ms
18:18:04.724 [Test worker] DEBUG org.springframework.test.web.servlet.TestDispatcherServlet - GET "/basket/1", parameters={}
18:18:04.724 [Test worker] DEBUG org.springframework.web.servlet.mvc.method.annotation.RequestMappingHandlerMapping - Mapped to com.virtuslab.internship.web.controllers.BasketController#getBasket(Long)
18:18:04.724 [Test worker] DEBUG org.springframework.web.servlet.mvc.method.annotation.ExceptionHandlerExceptionResolver - Using @ExceptionHandler com.virtuslab.internship.web.controllers.ControllersExceptionHandler#handleNotFound(Exception)
18:18:04.724 [Test worker] DEBUG org.springframework.web.servlet.mvc.method.annotation.HttpEntityMethodProcessor - Using 'text/plain', given [*/*] and supported [text/plain, */*, application/json, application/*+json]
18:18:04.724 [Test worker] DEBUG org.springframework.web.servlet.mvc.method.annotation.HttpEntityMethodProcessor - Nothing to write: null body
18:18:04.724 [Test worker] DEBUG org.springframework.web.servlet.mvc.method.annotation.ExceptionHandlerExceptionResolver - Resolved [com.virtuslab.internship.web.exceptions.NotFoundException]
18:18:04.724 [Test worker] DEBUG org.springframework.test.web.servlet.TestDispatcherServlet - Completed 404 NOT_FOUND
18:18:04.739 [Test worker] DEBUG _org.springframework.web.servlet.HandlerMapping.Mappings - 
	c.v.i.w.c.BasketController:
	{POST [/basket/create]}: createBasket()
	{DELETE [/basket/{id}]}: deleteBasket(Long)
	{POST [/basket/{id}/add]}: addProductToBasket(Long,Product)
	{GET [/basket/{id}]}: getBasket(Long)
	{DELETE [/basket/{id}/{productName}]}: deleteItemFromBasket(Long,String)
18:18:04.739 [Test worker] DEBUG org.springframework.web.servlet.mvc.method.annotation.RequestMappingHandlerMapping - 5 mappings in org.springframework.web.servlet.mvc.method.annotation.RequestMappingHandlerMapping
18:18:04.739 [Test worker] DEBUG org.springframework.web.servlet.mvc.method.annotation.RequestMappingHandlerAdapter - ControllerAdvice beans: 0 @ModelAttribute, 0 @InitBinder, 1 RequestBodyAdvice, 1 ResponseBodyAdvice
18:18:04.739 [Test worker] DEBUG org.springframework.web.servlet.mvc.method.annotation.ExceptionHandlerExceptionResolver - ControllerAdvice beans: 1 @ExceptionHandler, 1 ResponseBodyAdvice
18:18:04.739 [Test worker] INFO org.springframework.mock.web.MockServletContext - Initializing Spring TestDispatcherServlet ''
18:18:04.739 [Test worker] INFO org.springframework.test.web.servlet.TestDispatcherServlet - Initializing Servlet ''
18:18:04.739 [Test worker] DEBUG org.springframework.test.web.servlet.TestDispatcherServlet - Detected AcceptHeaderLocaleResolver
18:18:04.739 [Test worker] DEBUG org.springframework.test.web.servlet.TestDispatcherServlet - Detected FixedThemeResolver
18:18:04.739 [Test worker] DEBUG org.springframework.test.web.servlet.TestDispatcherServlet - Detected org.springframework.web.servlet.view.DefaultRequestToViewNameTranslator@1acb74ad
18:18:04.739 [Test worker] DEBUG org.springframework.test.web.servlet.TestDispatcherServlet - Detected org.springframework.web.servlet.support.SessionFlashMapManager@7bf01cb
18:18:04.739 [Test worker] DEBUG org.springframework.test.web.servlet.TestDispatcherServlet - enableLoggingRequestDetails='false': request parameters and headers will be masked to prevent unsafe logging of potentially sensitive data
18:18:04.739 [Test worker] INFO org.springframework.test.web.servlet.TestDispatcherServlet - Completed initialization in 0 ms
18:18:04.739 [Test worker] DEBUG org.springframework.test.web.servlet.TestDispatcherServlet - DELETE "/basket/1/test", parameters={}
18:18:04.739 [Test worker] DEBUG org.springframework.web.servlet.mvc.method.annotation.RequestMappingHandlerMapping - Mapped to com.virtuslab.internship.web.controllers.BasketController#deleteItemFromBasket(Long, String)
18:18:04.755 [Test worker] DEBUG org.springframework.web.servlet.mvc.method.annotation.HttpEntityMethodProcessor - Using 'application/json', given [*/*] and supported [application/json, application/*+json]
18:18:04.755 [Test worker] DEBUG org.springframework.web.servlet.mvc.method.annotation.HttpEntityMethodProcessor - Writing [com.virtuslab.internship.basket.Basket@7b477141]
18:18:04.755 [Test worker] DEBUG org.springframework.test.web.servlet.TestDispatcherServlet - Completed 200 OK
18:18:04.755 [Test worker] DEBUG _org.springframework.web.servlet.HandlerMapping.Mappings - 
	c.v.i.w.c.BasketController:
	{POST [/basket/create]}: createBasket()
	{DELETE [/basket/{id}]}: deleteBasket(Long)
	{POST [/basket/{id}/add]}: addProductToBasket(Long,Product)
	{GET [/basket/{id}]}: getBasket(Long)
	{DELETE [/basket/{id}/{productName}]}: deleteItemFromBasket(Long,String)
18:18:04.755 [Test worker] DEBUG org.springframework.web.servlet.mvc.method.annotation.RequestMappingHandlerMapping - 5 mappings in org.springframework.web.servlet.mvc.method.annotation.RequestMappingHandlerMapping
18:18:04.771 [Test worker] DEBUG org.springframework.web.servlet.mvc.method.annotation.RequestMappingHandlerAdapter - ControllerAdvice beans: 0 @ModelAttribute, 0 @InitBinder, 1 RequestBodyAdvice, 1 ResponseBodyAdvice
18:18:04.776 [Test worker] DEBUG org.springframework.web.servlet.mvc.method.annotation.ExceptionHandlerExceptionResolver - ControllerAdvice beans: 1 @ExceptionHandler, 1 ResponseBodyAdvice
18:18:04.776 [Test worker] INFO org.springframework.mock.web.MockServletContext - Initializing Spring TestDispatcherServlet ''
18:18:04.776 [Test worker] INFO org.springframework.test.web.servlet.TestDispatcherServlet - Initializing Servlet ''
18:18:04.776 [Test worker] DEBUG org.springframework.test.web.servlet.TestDispatcherServlet - Detected AcceptHeaderLocaleResolver
18:18:04.776 [Test worker] DEBUG org.springframework.test.web.servlet.TestDispatcherServlet - Detected FixedThemeResolver
18:18:04.776 [Test worker] DEBUG org.springframework.test.web.servlet.TestDispatcherServlet - Detected org.springframework.web.servlet.view.DefaultRequestToViewNameTranslator@3625a016
18:18:04.776 [Test worker] DEBUG org.springframework.test.web.servlet.TestDispatcherServlet - Detected org.springframework.web.servlet.support.SessionFlashMapManager@267cde2e
18:18:04.776 [Test worker] DEBUG org.springframework.test.web.servlet.TestDispatcherServlet - enableLoggingRequestDetails='false': request parameters and headers will be masked to prevent unsafe logging of potentially sensitive data
18:18:04.776 [Test worker] INFO org.springframework.test.web.servlet.TestDispatcherServlet - Completed initialization in 0 ms
18:18:04.776 [Test worker] DEBUG org.springframework.test.web.servlet.TestDispatcherServlet - POST "/basket/create", parameters={}
18:18:04.776 [Test worker] DEBUG org.springframework.web.servlet.mvc.method.annotation.RequestMappingHandlerMapping - Mapped to com.virtuslab.internship.web.controllers.BasketController#createBasket()
18:18:04.776 [Test worker] DEBUG org.springframework.web.servlet.mvc.method.annotation.HttpEntityMethodProcessor - Using 'application/json', given [*/*] and supported [application/json, application/*+json]
18:18:04.776 [Test worker] DEBUG org.springframework.web.servlet.mvc.method.annotation.HttpEntityMethodProcessor - Writing [com.virtuslab.internship.basket.Basket@56dd6efa]
18:18:04.776 [Test worker] DEBUG org.springframework.test.web.servlet.TestDispatcherServlet - Completed 201 CREATED
]]></system-out>
  <system-err><![CDATA[]]></system-err>
</testsuite>
