<?xml version="1.0" encoding="UTF-8"?>
<testsuite name="com.virtuslab.internship.discount.FifteenPercentDiscountTest" tests="2" skipped="0" failures="0" errors="0" timestamp="2022-03-28T19:42:15" hostname="LAPTOP-TVV3KJH9" time="0.027">
  <properties/>
  <testcase name="shouldNotApply15PercentDiscountWhenCartHasLessThan3GrainProducts()" classname="com.virtuslab.internship.discount.FifteenPercentDiscountTest" time="0.025"/>
  <testcase name="shouldApply15PercentDiscountWhenCartHasAtLeast3GrainProducts()" classname="com.virtuslab.internship.discount.FifteenPercentDiscountTest" time="0.002"/>
  <system-out><![CDATA[]]></system-out>
  <system-err><![CDATA[]]></system-err>
</testsuite>
